#
# There is insufficient memory for the Java Runtime Environment to continue.
# Native memory allocation (malloc) failed to allocate 1541616 bytes for Chunk::new
# Possible reasons:
#   The system is out of physical RAM or swap space
#   The process is running with CompressedOops enabled, and the Java Heap may be blocking the growth of the native heap
# Possible solutions:
#   Reduce memory load on the system
#   Increase physical memory or swap space
#   Check if swap backing store is full
#   Decrease Java heap size (-Xmx/-Xms)
#   Decrease number of Java threads
#   Decrease Java thread stack sizes (-Xss)
#   Set larger code cache with -XX:ReservedCodeCacheSize=
#   JVM is running with Unscaled Compressed Oops mode in which the Java heap is
#     placed in the first 4GB address space. The Java Heap base address is the
#     maximum limit for the native heap growth. Please use -XX:HeapBaseMinAddress
#     to set the Java Heap base and to place the Java Heap above 4GB virtual address.
# This output file may be truncated or incomplete.
#
#  Out of Memory Error (arena.cpp:189), pid=10848, tid=3380
#
# JRE version: OpenJDK Runtime Environment (17.0.6) (build 17.0.6+0-b2043.56-10027231)
# Java VM: OpenJDK 64-Bit Server VM (17.0.6+0-b2043.56-10027231, mixed mode, tiered, compressed oops, compressed class ptrs, g1 gc, windows-amd64)
# No core dump will be written. Minidumps are not enabled by default on client versions of Windows
#

---------------  S U M M A R Y ------------

Command Line: org.jetbrains.kotlin.cli.jvm.K2JVMCompiler @C:\pdm-projetos-github\ContatosPdm\app\build\20230919_7203737154511230012.compiler.options

Host: 11th Gen Intel(R) Core(TM) i5-1135G7 @ 2.40GHz, 8 cores, 7G,  Windows 10 , 64 bit Build 19041 (10.0.19041.3393)
Time: Tue Sep 19 21:20:42 2023 E. South America Standard Time elapsed time: 8.112520 seconds (0d 0h 0m 8s)

---------------  T H R E A D  ---------------

Current thread (0x0000025637835f20):  JavaThread "C2 CompilerThread0" daemon [_thread_in_native, id=3380, stack(0x000000d0ed200000,0x000000d0ed300000)]


Current CompileTask:
C2:   8112 2695       4       java.lang.ClassLoader::loadClass (7 bytes)

Stack: [0x000000d0ed200000,0x000000d0ed300000]
Native frames: (J=compiled Java code, j=interpreted, Vv=VM code, C=native code)
V  [jvm.dll+0x683c9a]
V  [jvm.dll+0x8427a4]
V  [jvm.dll+0x843f9e]
V  [jvm.dll+0x844603]
V  [jvm.dll+0x249b75]
V  [jvm.dll+0xabcac]
V  [jvm.dll+0xac27c]
V  [jvm.dll+0x368802]
V  [jvm.dll+0x1bced2]
V  [jvm.dll+0x21c359]
V  [jvm.dll+0x21b621]
V  [jvm.dll+0x1a4fdd]
V  [jvm.dll+0x22b098]
V  [jvm.dll+0x229159]
V  [jvm.dll+0x7f81ec]
V  [jvm.dll+0x7f274a]
V  [jvm.dll+0x682ad5]
C  [ucrtbase.dll+0x21bb2]
C  [KERNEL32.DLL+0x17344]
C  [ntdll.dll+0x526b1]


---------------  P R O C E S S  ---------------

Threads class SMR info:
_java_thread_list=0x0000025637ca1b30, length=12, elements=***REMOVED***
0x000002561d0174b0, 0x0000025637813620, 0x0000025636be1130, 0x0000025636c0f000,
0x0000025636c114e0, 0x0000025636c139c0, 0x0000025637835110, 0x0000025637835f20,
0x0000025637836430, 0x0000025637839e40, 0x000002563799be10, 0x00000256379ae450
***REMOVED***

Java Threads: ( => current thread )
  0x000002561d0174b0 JavaThread "main" [_thread_in_vm, id=9980, stack(0x000000d0ec500000,0x000000d0ec600000)]
  0x0000025637813620 JavaThread "Reference Handler" daemon [_thread_blocked, id=1728, stack(0x000000d0ecc00000,0x000000d0ecd00000)]
  0x0000025636be1130 JavaThread "Finalizer" daemon [_thread_blocked, id=5964, stack(0x000000d0ecd00000,0x000000d0ece00000)]
  0x0000025636c0f000 JavaThread "Signal Dispatcher" daemon [_thread_blocked, id=8484, stack(0x000000d0ece00000,0x000000d0ecf00000)]
  0x0000025636c114e0 JavaThread "Attach Listener" daemon [_thread_blocked, id=13680, stack(0x000000d0ecf00000,0x000000d0ed000000)]
  0x0000025636c139c0 JavaThread "Service Thread" daemon [_thread_blocked, id=14104, stack(0x000000d0ed000000,0x000000d0ed100000)]
  0x0000025637835110 JavaThread "Monitor Deflation Thread" daemon [_thread_blocked, id=14552, stack(0x000000d0ed100000,0x000000d0ed200000)]
=>0x0000025637835f20 JavaThread "C2 CompilerThread0" daemon [_thread_in_native, id=3380, stack(0x000000d0ed200000,0x000000d0ed300000)]
  0x0000025637836430 JavaThread "C1 CompilerThread0" daemon [_thread_blocked, id=7616, stack(0x000000d0ed300000,0x000000d0ed400000)]
  0x0000025637839e40 JavaThread "Sweeper thread" daemon [_thread_blocked, id=7612, stack(0x000000d0ed400000,0x000000d0ed500000)]
  0x000002563799be10 JavaThread "Notification Thread" daemon [_thread_blocked, id=4036, stack(0x000000d0ed500000,0x000000d0ed600000)]
  0x00000256379ae450 JavaThread "Common-Cleaner" daemon [_thread_blocked, id=15688, stack(0x000000d0ed700000,0x000000d0ed800000)]

Other Threads:
  0x0000025636bdb5e0 VMThread "VM Thread" [stack: 0x000000d0ecb00000,0x000000d0ecc00000] [id=8520]
  0x000002563799c2e0 WatcherThread [stack: 0x000000d0ed600000,0x000000d0ed700000] [id=1948]
  0x000002561d073c70 GCTaskThread "GC Thread#0" [stack: 0x000000d0ec600000,0x000000d0ec700000] [id=8340]
  0x0000025637e864f0 GCTaskThread "GC Thread#1" [stack: 0x000000d0ed800000,0x000000d0ed900000] [id=14944]
  0x0000025637fb1860 GCTaskThread "GC Thread#2" [stack: 0x000000d0ed900000,0x000000d0eda00000] [id=14376]
  0x0000025637fb1b10 GCTaskThread "GC Thread#3" [stack: 0x000000d0eda00000,0x000000d0edb00000] [id=9700]
  0x0000025637fb1dc0 GCTaskThread "GC Thread#4" [stack: 0x000000d0edb00000,0x000000d0edc00000] [id=7852]
  0x000002563811fe70 GCTaskThread "GC Thread#5" [stack: 0x000000d0edc00000,0x000000d0edd00000] [id=944]
  0x0000025638120120 GCTaskThread "GC Thread#6" [stack: 0x000000d0edd00000,0x000000d0ede00000] [id=3752]
  0x000002563811e8f0 GCTaskThread "GC Thread#7" [stack: 0x000000d0ede00000,0x000000d0edf00000] [id=2196]
  0x000002561d085650 ConcurrentGCThread "G1 Main Marker" [stack: 0x000000d0ec700000,0x000000d0ec800000] [id=1064]
  0x000002561d085f70 ConcurrentGCThread "G1 Conc#0" [stack: 0x000000d0ec800000,0x000000d0ec900000] [id=10660]
  0x000002563811f100 ConcurrentGCThread "G1 Conc#1" [stack: 0x000000d0edf00000,0x000000d0ee000000] [id=15672]
  0x000002561d0edd10 ConcurrentGCThread "G1 Refine#0" [stack: 0x000000d0ec900000,0x000000d0eca00000] [id=11132]
  0x0000025636a30090 ConcurrentGCThread "G1 Service" [stack: 0x000000d0eca00000,0x000000d0ecb00000] [id=6184]

Threads with active compile tasks:
C2 CompilerThread0     8142 2695       4       java.lang.ClassLoader::loadClass (7 bytes)

VM state: not at safepoint (normal execution)

VM Mutex/Monitor currently owned by a thread: None

Heap address: 0x0000000084400000, size: 1980 MB, Compressed Oops mode: 32-bit

CDS archive(s) not mapped
Compressed class space mapped at: 0x0000000100000000-0x0000000140000000, reserved size: 1073741824
Narrow klass base: 0x0000000000000000, Narrow klass shift: 3, Narrow klass range: 0x140000000

GC Precious Log:
 CPUs: 8 total, 8 available
 Memory: 7915M
 Large Page Support: Disabled
 NUMA Support: Disabled
 Compressed Oops: Enabled (32-bit)
 Heap Region Size: 1M
 Heap Min Capacity: 8M
 Heap Initial Capacity: 124M
 Heap Max Capacity: 1980M
 Pre-touch: Disabled
 Parallel Workers: 8
 Concurrent Workers: 2
 Concurrent Refinement Workers: 8
 Periodic GC: Disabled

Heap:
 garbage-first heap   total 61440K, used 25263K [0x0000000084400000, 0x0000000100000000)
  region size 1024K, 12 young (12288K), 4 survivors (4096K)
 Metaspace       used 43964K, committed 44160K, reserved 1089536K
  class space    used 5409K, committed 5504K, reserved 1048576K

Heap Regions: E=young(eden), S=young(survivor), O=old, HS=humongous(starts), HC=humongous(continues), CS=collection set, F=free, OA=open archive, CA=closed archive, TAMS=top-at-mark-start (previous, next)
|   0|0x0000000084400000, 0x0000000084500000, 0x0000000084500000|100%|HS|  |TAMS 0x0000000084500000, 0x0000000084400000| Complete 
|   1|0x0000000084500000, 0x0000000084600000, 0x0000000084600000|100%|HC|  |TAMS 0x0000000084600000, 0x0000000084500000| Complete 
|   2|0x0000000084600000, 0x0000000084700000, 0x0000000084700000|100%|HC|  |TAMS 0x0000000084700000, 0x0000000084600000| Complete 
|   3|0x0000000084700000, 0x0000000084800000, 0x0000000084800000|100%|HC|  |TAMS 0x0000000084800000, 0x0000000084700000| Complete 
|   4|0x0000000084800000, 0x0000000084900000, 0x0000000084900000|100%| O|  |TAMS 0x0000000084900000, 0x0000000084800000| Untracked 
|   5|0x0000000084900000, 0x0000000084a00000, 0x0000000084a00000|100%| O|  |TAMS 0x0000000084a00000, 0x0000000084900000| Untracked 
|   6|0x0000000084a00000, 0x0000000084b00000, 0x0000000084b00000|100%| O|  |TAMS 0x0000000084b00000, 0x0000000084a00000| Untracked 
|   7|0x0000000084b00000, 0x0000000084c00000, 0x0000000084c00000|100%| O|  |TAMS 0x0000000084c00000, 0x0000000084b00000| Untracked 
|   8|0x0000000084c00000, 0x0000000084d00000, 0x0000000084d00000|100%| O|  |TAMS 0x0000000084d00000, 0x0000000084c00000| Untracked 
|   9|0x0000000084d00000, 0x0000000084d00000, 0x0000000084e00000|  0%| F|  |TAMS 0x0000000084d00000, 0x0000000084d00000| Untracked 
|  10|0x0000000084e00000, 0x0000000084f00000, 0x0000000084f00000|100%| O|  |TAMS 0x0000000084f00000, 0x0000000084e00000| Untracked 
|  11|0x0000000084f00000, 0x0000000085000000, 0x0000000085000000|100%| O|  |TAMS 0x0000000085000000, 0x0000000084f00000| Untracked 
|  12|0x0000000085000000, 0x0000000085100000, 0x0000000085100000|100%| O|  |TAMS 0x0000000085000000, 0x0000000085000000| Untracked 
|  13|0x0000000085100000, 0x0000000085175000, 0x0000000085200000| 45%| O|  |TAMS 0x0000000085100000, 0x0000000085100000| Untracked 
|  14|0x0000000085200000, 0x0000000085300000, 0x0000000085300000|100%| O|  |TAMS 0x0000000085300000, 0x0000000085200000| Untracked 
|  15|0x0000000085300000, 0x0000000085400000, 0x0000000085400000|100%| O|  |TAMS 0x0000000085400000, 0x0000000085300000| Untracked 
|  16|0x0000000085400000, 0x0000000085500000, 0x0000000085500000|100%| O|  |TAMS 0x0000000085500000, 0x0000000085400000| Untracked 
|  17|0x0000000085500000, 0x0000000085500000, 0x0000000085600000|  0%| F|  |TAMS 0x0000000085500000, 0x0000000085500000| Untracked 
|  18|0x0000000085600000, 0x0000000085600000, 0x0000000085700000|  0%| F|  |TAMS 0x0000000085600000, 0x0000000085600000| Untracked 
|  19|0x0000000085700000, 0x0000000085700000, 0x0000000085800000|  0%| F|  |TAMS 0x0000000085700000, 0x0000000085700000| Untracked 
|  20|0x0000000085800000, 0x0000000085800000, 0x0000000085900000|  0%| F|  |TAMS 0x0000000085800000, 0x0000000085800000| Untracked 
|  21|0x0000000085900000, 0x0000000085900000, 0x0000000085a00000|  0%| F|  |TAMS 0x0000000085900000, 0x0000000085900000| Untracked 
|  22|0x0000000085a00000, 0x0000000085a00000, 0x0000000085b00000|  0%| F|  |TAMS 0x0000000085a00000, 0x0000000085a00000| Untracked 
|  23|0x0000000085b00000, 0x0000000085b00000, 0x0000000085c00000|  0%| F|  |TAMS 0x0000000085b00000, 0x0000000085b00000| Untracked 
|  24|0x0000000085c00000, 0x0000000085c00000, 0x0000000085d00000|  0%| F|  |TAMS 0x0000000085c00000, 0x0000000085c00000| Untracked 
|  25|0x0000000085d00000, 0x0000000085d00000, 0x0000000085e00000|  0%| F|  |TAMS 0x0000000085d00000, 0x0000000085d00000| Untracked 
|  26|0x0000000085e00000, 0x0000000085e00000, 0x0000000085f00000|  0%| F|  |TAMS 0x0000000085e00000, 0x0000000085e00000| Untracked 
|  27|0x0000000085f00000, 0x0000000085f36d70, 0x0000000086000000| 21%| S|CS|TAMS 0x0000000085f00000, 0x0000000085f00000| Complete 
|  28|0x0000000086000000, 0x0000000086100000, 0x0000000086100000|100%| S|CS|TAMS 0x0000000086000000, 0x0000000086000000| Complete 
|  29|0x0000000086100000, 0x0000000086200000, 0x0000000086200000|100%| S|CS|TAMS 0x0000000086100000, 0x0000000086100000| Complete 
|  30|0x0000000086200000, 0x0000000086300000, 0x0000000086300000|100%| S|CS|TAMS 0x0000000086200000, 0x0000000086200000| Complete 
|  31|0x0000000086300000, 0x0000000086300000, 0x0000000086400000|  0%| F|  |TAMS 0x0000000086300000, 0x0000000086300000| Untracked 
|  32|0x0000000086400000, 0x0000000086400000, 0x0000000086500000|  0%| F|  |TAMS 0x0000000086400000, 0x0000000086400000| Untracked 
|  33|0x0000000086500000, 0x0000000086500000, 0x0000000086600000|  0%| F|  |TAMS 0x0000000086500000, 0x0000000086500000| Untracked 
|  34|0x0000000086600000, 0x0000000086600000, 0x0000000086700000|  0%| F|  |TAMS 0x0000000086600000, 0x0000000086600000| Untracked 
|  35|0x0000000086700000, 0x0000000086700000, 0x0000000086800000|  0%| F|  |TAMS 0x0000000086700000, 0x0000000086700000| Untracked 
|  36|0x0000000086800000, 0x0000000086800000, 0x0000000086900000|  0%| F|  |TAMS 0x0000000086800000, 0x0000000086800000| Untracked 
|  37|0x0000000086900000, 0x0000000086900000, 0x0000000086a00000|  0%| F|  |TAMS 0x0000000086900000, 0x0000000086900000| Untracked 
|  38|0x0000000086a00000, 0x0000000086a00000, 0x0000000086b00000|  0%| F|  |TAMS 0x0000000086a00000, 0x0000000086a00000| Untracked 
|  39|0x0000000086b00000, 0x0000000086b00000, 0x0000000086c00000|  0%| F|  |TAMS 0x0000000086b00000, 0x0000000086b00000| Untracked 
|  40|0x0000000086c00000, 0x0000000086c00000, 0x0000000086d00000|  0%| F|  |TAMS 0x0000000086c00000, 0x0000000086c00000| Untracked 
|  41|0x0000000086d00000, 0x0000000086d00000, 0x0000000086e00000|  0%| F|  |TAMS 0x0000000086d00000, 0x0000000086d00000| Untracked 
|  42|0x0000000086e00000, 0x0000000086e00000, 0x0000000086f00000|  0%| F|  |TAMS 0x0000000086e00000, 0x0000000086e00000| Untracked 
|  43|0x0000000086f00000, 0x0000000086f00000, 0x0000000087000000|  0%| F|  |TAMS 0x0000000086f00000, 0x0000000086f00000| Untracked 
|  44|0x0000000087000000, 0x0000000087000000, 0x0000000087100000|  0%| F|  |TAMS 0x0000000087000000, 0x0000000087000000| Untracked 
|  45|0x0000000087100000, 0x0000000087100000, 0x0000000087200000|  0%| F|  |TAMS 0x0000000087100000, 0x0000000087100000| Untracked 
|  46|0x0000000087200000, 0x0000000087200000, 0x0000000087300000|  0%| F|  |TAMS 0x0000000087200000, 0x0000000087200000| Untracked 
|  47|0x0000000087300000, 0x0000000087300000, 0x0000000087400000|  0%| F|  |TAMS 0x0000000087300000, 0x0000000087300000| Untracked 
|  48|0x0000000087400000, 0x0000000087400000, 0x0000000087500000|  0%| F|  |TAMS 0x0000000087400000, 0x0000000087400000| Untracked 
|  49|0x0000000087500000, 0x0000000087500000, 0x0000000087600000|  0%| F|  |TAMS 0x0000000087500000, 0x0000000087500000| Untracked 
|  50|0x0000000087600000, 0x0000000087600000, 0x0000000087700000|  0%| F|  |TAMS 0x0000000087600000, 0x0000000087600000| Untracked 
|  51|0x0000000087700000, 0x0000000087700000, 0x0000000087800000|  0%| F|  |TAMS 0x0000000087700000, 0x0000000087700000| Untracked 
|  52|0x0000000087800000, 0x000000008787f280, 0x0000000087900000| 49%| E|  |TAMS 0x0000000087800000, 0x0000000087800000| Complete 
|  53|0x0000000087900000, 0x0000000087a00000, 0x0000000087a00000|100%| E|CS|TAMS 0x0000000087900000, 0x0000000087900000| Complete 
|  54|0x0000000087a00000, 0x0000000087b00000, 0x0000000087b00000|100%| E|CS|TAMS 0x0000000087a00000, 0x0000000087a00000| Complete 
|  55|0x0000000087b00000, 0x0000000087c00000, 0x0000000087c00000|100%| E|CS|TAMS 0x0000000087b00000, 0x0000000087b00000| Complete 
|  56|0x0000000087c00000, 0x0000000087d00000, 0x0000000087d00000|100%| E|CS|TAMS 0x0000000087c00000, 0x0000000087c00000| Complete 
|  57|0x0000000087d00000, 0x0000000087e00000, 0x0000000087e00000|100%| E|  |TAMS 0x0000000087d00000, 0x0000000087d00000| Complete 
|  85|0x0000000089900000, 0x0000000089a00000, 0x0000000089a00000|100%| E|CS|TAMS 0x0000000089900000, 0x0000000089900000| Complete 
| 123|0x000000008bf00000, 0x000000008c000000, 0x000000008c000000|100%| E|CS|TAMS 0x000000008bf00000, 0x000000008bf00000| Complete 

Card table byte_map: [0x000002562fc00000,0x000002562ffe0000] _byte_map_base: 0x000002562f7de000

Marking Bits (Prev, Next): (CMBitMap*) 0x000002561d0755a0, (CMBitMap*) 0x000002561d0755e0
 Prev Bits: [0x00000256303c0000, 0x00000256322b0000)
 Next Bits: [0x00000256322b0000, 0x00000256341a0000)

Polling page: 0x000002561c7f0000

Metaspace:

Usage:
  Non-class:     37.67 MB used.
      Class:      5.28 MB used.
       Both:     42.95 MB used.

Virtual space:
  Non-class space:       40.00 MB reserved,      37.81 MB ( 95%) committed,  5 nodes.
      Class space:        1.00 GB reserved,       5.38 MB ( <1%) committed,  1 nodes.
             Both:        1.04 GB reserved,      43.19 MB (  4%) committed. 

Chunk freelists:
   Non-Class:  2.11 MB
       Class:  2.58 MB
        Both:  4.69 MB

MaxMetaspaceSize: unlimited
CompressedClassSpaceSize: 1.00 GB
Initial GC threshold: 21.00 MB
Current GC threshold: 58.69 MB
CDS: off
MetaspaceReclaimPolicy: balanced
 - commit_granule_bytes: 65536.
 - commit_granule_words: 8192.
 - virtual_space_node_default_size: 1048576.
 - enlarge_chunks_in_place: 1.
 - new_chunks_are_fully_committed: 0.
 - uncommit_free_chunks: 1.
 - use_allocation_guard: 0.
 - handle_deallocations: 1.


Internal statistics:

num_allocs_failed_limit: 6.
num_arena_births: 170.
num_arena_deaths: 0.
num_vsnodes_births: 6.
num_vsnodes_deaths: 0.
num_space_committed: 690.
num_space_uncommitted: 0.
num_chunks_returned_to_freelist: 6.
num_chunks_taken_from_freelist: 1402.
num_chunk_merges: 6.
num_chunk_splits: 1175.
num_chunks_enlarged: 1065.
num_purges: 0.
num_inconsistent_stats: 0.

CodeHeap 'non-profiled nmethods': size=120000Kb used=1139Kb max_used=1139Kb free=118860Kb
 bounds [0x0000025627fc0000, 0x0000025628230000, 0x000002562f4f0000]
CodeHeap 'profiled nmethods': size=120000Kb used=5380Kb max_used=5380Kb free=114619Kb
 bounds [0x00000256204f0000, 0x0000025620a40000, 0x0000025627a20000]
CodeHeap 'non-nmethods': size=5760Kb used=1269Kb max_used=1290Kb free=4490Kb
 bounds [0x0000025627a20000, 0x0000025627c90000, 0x0000025627fc0000]
 total_blobs=3372 nmethods=2803 adapters=481
 compilation: enabled
              stopped_count=0, restarted_count=0
 full_count=0

Compilation events (20 events):
Event: 8.051 Thread 0x0000025637836430 2802       3       org.jetbrains.kotlin.com.intellij.util.keyFMap.ArrayBackedFMap::get (33 bytes)
Event: 8.051 Thread 0x0000025637836430 nmethod 2802 0x0000025620a29610 code [0x0000025620a297e0, 0x0000025620a29a78]
Event: 8.051 Thread 0x0000025637836430 2804       3       org.jetbrains.kotlin.com.intellij.psi.impl.source.tree.TreeElement::getElementType (14 bytes)
Event: 8.051 Thread 0x0000025637836430 nmethod 2804 0x0000025620a29b90 code [0x0000025620a29d40, 0x0000025620a29ec8]
Event: 8.051 Thread 0x0000025637836430 2796       3       org.jetbrains.kotlin.com.intellij.util.text.ImmutableText::length (10 bytes)
Event: 8.051 Thread 0x0000025637836430 nmethod 2796 0x0000025620a29f90 code [0x0000025620a2a140, 0x0000025620a2a308]
Event: 8.051 Thread 0x0000025637836430 2803       1       org.jetbrains.kotlin.com.intellij.psi.impl.source.tree.CompositeElement::setCachedLength (6 bytes)
Event: 8.051 Thread 0x0000025637836430 nmethod 2803 0x00000256280dba90 code [0x00000256280dbc20, 0x00000256280dbcf8]
Event: 8.072 Thread 0x0000025637836430 2805       3       java.lang.invoke.DirectMethodHandle::maybeCompile (24 bytes)
Event: 8.073 Thread 0x0000025637836430 nmethod 2805 0x0000025620a2a410 code [0x0000025620a2a5c0, 0x0000025620a2a7d8]
Event: 8.080 Thread 0x0000025637836430 2806       3       java.lang.invoke.DirectMethodHandle::preparedLambdaForm (244 bytes)
Event: 8.081 Thread 0x0000025637836430 nmethod 2806 0x0000025620a2a910 code [0x0000025620a2ac00, 0x0000025620a2bb38]
Event: 8.081 Thread 0x0000025637836430 2807   !   3       java.lang.invoke.MethodHandleNatives::linkMethodHandleConstant (50 bytes)
Event: 8.082 Thread 0x0000025637836430 nmethod 2807 0x0000025620a2c110 code [0x0000025620a2c2e0, 0x0000025620a2c4c8]
Event: 8.082 Thread 0x0000025637836430 2808       3       java.lang.invoke.MethodHandles$Lookup::linkMethodHandleConstant (223 bytes)
Event: 8.084 Thread 0x0000025637836430 nmethod 2808 0x0000025620a2c690 code [0x0000025620a2ca60, 0x0000025620a2e288]
Event: 8.101 Thread 0x0000025637836430 2813       3       org.jetbrains.kotlin.com.intellij.psi.impl.source.tree.TreeElement::getTreeNext (5 bytes)
Event: 8.101 Thread 0x0000025637836430 nmethod 2813 0x0000025620a2ea10 code [0x0000025620a2eba0, 0x0000025620a2ecb8]
Event: 8.105 Thread 0x0000025637836430 2814       1       org.jetbrains.kotlin.com.intellij.psi.impl.source.SubstrateRef::getStub (2 bytes)
Event: 8.105 Thread 0x0000025637836430 nmethod 2814 0x00000256280dc990 code [0x00000256280dcb20, 0x00000256280dcbf8]

GC Heap History (16 events):
Event: 1.329 GC heap before
***REMOVED***Heap before GC invocations=0 (full 0):
 garbage-first heap   total 126976K, used 27648K [0x0000000084400000, 0x0000000100000000)
  region size 1024K, 23 young (23552K), 0 survivors (0K)
 Metaspace       used 13349K, committed 13440K, reserved 1064960K
  class space    used 1289K, committed 1344K, reserved 1048576K
***REMOVED***
Event: 1.355 GC heap after
***REMOVED***Heap after GC invocations=1 (full 0):
 garbage-first heap   total 126976K, used 6899K [0x0000000084400000, 0x0000000100000000)
  region size 1024K, 3 young (3072K), 3 survivors (3072K)
 Metaspace       used 13349K, committed 13440K, reserved 1064960K
  class space    used 1289K, committed 1344K, reserved 1048576K
***REMOVED***
Event: 3.239 GC heap before
***REMOVED***Heap before GC invocations=1 (full 0):
 garbage-first heap   total 126976K, used 38643K [0x0000000084400000, 0x0000000100000000)
  region size 1024K, 35 young (35840K), 3 survivors (3072K)
 Metaspace       used 21331K, committed 21504K, reserved 1073152K
  class space    used 2334K, committed 2432K, reserved 1048576K
***REMOVED***
Event: 3.266 GC heap after
***REMOVED***Heap after GC invocations=2 (full 0):
 garbage-first heap   total 126976K, used 10254K [0x0000000084400000, 0x0000000100000000)
  region size 1024K, 4 young (4096K), 4 survivors (4096K)
 Metaspace       used 21331K, committed 21504K, reserved 1073152K
  class space    used 2334K, committed 2432K, reserved 1048576K
***REMOVED***
Event: 4.634 GC heap before
***REMOVED***Heap before GC invocations=3 (full 0):
 garbage-first heap   total 40960K, used 30734K [0x0000000084400000, 0x0000000100000000)
  region size 1024K, 24 young (24576K), 4 survivors (4096K)
 Metaspace       used 28126K, committed 28352K, reserved 1081344K
  class space    used 3465K, committed 3520K, reserved 1048576K
***REMOVED***
Event: 4.644 GC heap after
***REMOVED***Heap after GC invocations=4 (full 0):
 garbage-first heap   total 40960K, used 11107K [0x0000000084400000, 0x0000000100000000)
  region size 1024K, 1 young (1024K), 1 survivors (1024K)
 Metaspace       used 28126K, committed 28352K, reserved 1081344K
  class space    used 3465K, committed 3520K, reserved 1048576K
***REMOVED***
Event: 4.679 GC heap before
***REMOVED***Heap before GC invocations=4 (full 0):
 garbage-first heap   total 40960K, used 12131K [0x0000000084400000, 0x0000000100000000)
  region size 1024K, 2 young (2048K), 1 survivors (1024K)
 Metaspace       used 28517K, committed 28736K, reserved 1081344K
  class space    used 3548K, committed 3648K, reserved 1048576K
***REMOVED***
Event: 4.687 GC heap after
***REMOVED***Heap after GC invocations=5 (full 0):
 garbage-first heap   total 40960K, used 11561K [0x0000000084400000, 0x0000000100000000)
  region size 1024K, 1 young (1024K), 1 survivors (1024K)
 Metaspace       used 28517K, committed 28736K, reserved 1081344K
  class space    used 3548K, committed 3648K, reserved 1048576K
***REMOVED***
Event: 5.696 GC heap before
***REMOVED***Heap before GC invocations=5 (full 0):
 garbage-first heap   total 40960K, used 33065K [0x0000000084400000, 0x0000000100000000)
  region size 1024K, 20 young (20480K), 1 survivors (1024K)
 Metaspace       used 31155K, committed 31360K, reserved 1081344K
  class space    used 4033K, committed 4160K, reserved 1048576K
***REMOVED***
Event: 5.711 GC heap after
***REMOVED***Heap after GC invocations=6 (full 0):
 garbage-first heap   total 40960K, used 17590K [0x0000000084400000, 0x0000000100000000)
  region size 1024K, 3 young (3072K), 3 survivors (3072K)
 Metaspace       used 31155K, committed 31360K, reserved 1081344K
  class space    used 4033K, committed 4160K, reserved 1048576K
***REMOVED***
Event: 6.257 GC heap before
***REMOVED***Heap before GC invocations=6 (full 0):
 garbage-first heap   total 40960K, used 30902K [0x0000000084400000, 0x0000000100000000)
  region size 1024K, 16 young (16384K), 3 survivors (3072K)
 Metaspace       used 34379K, committed 34688K, reserved 1081344K
  class space    used 4391K, committed 4544K, reserved 1048576K
***REMOVED***
Event: 6.267 GC heap after
***REMOVED***Heap after GC invocations=7 (full 0):
 garbage-first heap   total 40960K, used 17036K [0x0000000084400000, 0x0000000100000000)
  region size 1024K, 2 young (2048K), 2 survivors (2048K)
 Metaspace       used 34379K, committed 34688K, reserved 1081344K
  class space    used 4391K, committed 4544K, reserved 1048576K
***REMOVED***
Event: 6.754 GC heap before
***REMOVED***Heap before GC invocations=7 (full 0):
 garbage-first heap   total 40960K, used 23180K [0x0000000084400000, 0x0000000100000000)
  region size 1024K, 9 young (9216K), 2 survivors (2048K)
 Metaspace       used 35775K, committed 35968K, reserved 1081344K
  class space    used 4546K, committed 4672K, reserved 1048576K
***REMOVED***
Event: 6.759 GC heap after
***REMOVED***Heap after GC invocations=8 (full 0):
 garbage-first heap   total 64512K, used 17876K [0x0000000084400000, 0x0000000100000000)
  region size 1024K, 1 young (1024K), 1 survivors (1024K)
 Metaspace       used 35775K, committed 35968K, reserved 1081344K
  class space    used 4546K, committed 4672K, reserved 1048576K
***REMOVED***
Event: 7.862 GC heap before
***REMOVED***Heap before GC invocations=9 (full 0):
 garbage-first heap   total 61440K, used 45524K [0x0000000084400000, 0x0000000100000000)
  region size 1024K, 29 young (29696K), 1 survivors (1024K)
 Metaspace       used 41633K, committed 41920K, reserved 1089536K
  class space    used 5114K, committed 5248K, reserved 1048576K
***REMOVED***
Event: 7.868 GC heap after
***REMOVED***Heap after GC invocations=10 (full 0):
 garbage-first heap   total 61440K, used 19119K [0x0000000084400000, 0x0000000100000000)
  region size 1024K, 4 young (4096K), 4 survivors (4096K)
 Metaspace       used 41633K, committed 41920K, reserved 1089536K
  class space    used 5114K, committed 5248K, reserved 1048576K
***REMOVED***

Dll operation events (2 events):
Event: 0.007 Loaded shared library C:\Program Files\Android\Android Studio\jbr\bin\java.dll
Event: 4.116 Loaded shared library C:\Program Files\Android\Android Studio\jbr\bin\verify.dll

Deoptimization events (20 events):
Event: 7.805 Thread 0x000002561d0174b0 Uncommon trap: trap_request=0xffffff45 fr.pc=0x00000256280ad21c relative=0x00000000000006dc
Event: 7.805 Thread 0x000002561d0174b0 Uncommon trap: reason=unstable_if action=reinterpret pc=0x00000256280ad21c method=java.lang.String.lastIndexOf(II)I @ 4 c2
Event: 7.805 Thread 0x000002561d0174b0 DEOPT PACKING pc=0x00000256280ad21c sp=0x000000d0ec5f57b0
Event: 7.805 Thread 0x000002561d0174b0 DEOPT UNPACKING pc=0x0000025627a7a1a3 sp=0x000000d0ec5f56a0 mode 2
Event: 8.026 Thread 0x000002561d0174b0 Uncommon trap: trap_request=0xffffff45 fr.pc=0x000002562809cfc4 relative=0x0000000000000184
Event: 8.026 Thread 0x000002561d0174b0 Uncommon trap: reason=unstable_if action=reinterpret pc=0x000002562809cfc4 method=org.jetbrains.kotlin.com.intellij.util.SmartList.get(I)Ljava/lang/Object; @ 13 c2
Event: 8.026 Thread 0x000002561d0174b0 DEOPT PACKING pc=0x000002562809cfc4 sp=0x000000d0ec5fe250
Event: 8.026 Thread 0x000002561d0174b0 DEOPT UNPACKING pc=0x0000025627a7a1a3 sp=0x000000d0ec5fe178 mode 2
Event: 8.026 Thread 0x000002561d0174b0 Uncommon trap: trap_request=0xffffff45 fr.pc=0x000002562808af04 relative=0x00000000000000e4
Event: 8.026 Thread 0x000002561d0174b0 Uncommon trap: reason=unstable_if action=reinterpret pc=0x000002562808af04 method=org.jetbrains.kotlin.com.intellij.util.SmartList.get(I)Ljava/lang/Object; @ 13 c2
Event: 8.026 Thread 0x000002561d0174b0 DEOPT PACKING pc=0x000002562808af04 sp=0x000000d0ec5fe2d0
Event: 8.026 Thread 0x000002561d0174b0 DEOPT UNPACKING pc=0x0000025627a7a1a3 sp=0x000000d0ec5fe270 mode 2
Event: 8.050 Thread 0x000002561d0174b0 Uncommon trap: trap_request=0xffffffde fr.pc=0x00000256280aa138 relative=0x0000000000000ab8
Event: 8.050 Thread 0x000002561d0174b0 Uncommon trap: reason=class_check action=maybe_recompile pc=0x00000256280aa138 method=java.util.HashMap.putVal(ILjava/lang/Object;Ljava/lang/Object;ZZ)Ljava/lang/Object; @ 203 c2
Event: 8.050 Thread 0x000002561d0174b0 DEOPT PACKING pc=0x00000256280aa138 sp=0x000000d0ec5fd070
Event: 8.050 Thread 0x000002561d0174b0 DEOPT UNPACKING pc=0x0000025627a7a1a3 sp=0x000000d0ec5fd000 mode 2
Event: 8.050 Thread 0x000002561d0174b0 Uncommon trap: trap_request=0xffffffde fr.pc=0x00000256280aa138 relative=0x0000000000000ab8
Event: 8.050 Thread 0x000002561d0174b0 Uncommon trap: reason=class_check action=maybe_recompile pc=0x00000256280aa138 method=java.util.HashMap.putVal(ILjava/lang/Object;Ljava/lang/Object;ZZ)Ljava/lang/Object; @ 203 c2
Event: 8.050 Thread 0x000002561d0174b0 DEOPT PACKING pc=0x00000256280aa138 sp=0x000000d0ec5fcfa0
Event: 8.050 Thread 0x000002561d0174b0 DEOPT UNPACKING pc=0x0000025627a7a1a3 sp=0x000000d0ec5fcf30 mode 2

Classes unloaded (0 events):
No events

Classes redefined (0 events):
No events

Internal exceptions (20 events):
Event: 3.379 Thread 0x000002561d0174b0 Exception <a 'java/lang/NoSuchMethodError'***REMOVED***0x000000008659d900***REMOVED***: 'java.lang.Object java.lang.invoke.DirectMethodHandle$Holder.invokeSpecial(java.lang.Object, java.lang.Object, java.lang.Object, java.lang.Object, long)'> (0x000000008659d900) 
thrown [s\src\hotspot\share\interpreter\linkResolver.cpp, line 771]
Event: 3.383 Thread 0x000002561d0174b0 Exception <a 'java/lang/NoSuchMethodError'***REMOVED***0x00000000865acde8***REMOVED***: 'int java.lang.invoke.DelegatingMethodHandle$Holder.reinvoke_L(java.lang.Object, java.lang.Object, java.lang.Object, long, java.lang.Object, java.lang.Object)'> (0x00000000865acde8) 
thrown [s\src\hotspot\share\interpreter\linkResolver.cpp, line 771]
Event: 3.385 Thread 0x000002561d0174b0 Exception <a 'java/lang/NoSuchMethodError'***REMOVED***0x00000000865bb978***REMOVED***: 'int java.lang.invoke.DelegatingMethodHandle$Holder.reinvoke_L(java.lang.Object, java.lang.Object, java.lang.Object, long, int, int)'> (0x00000000865bb978) 
thrown [s\src\hotspot\share\interpreter\linkResolver.cpp, line 771]
Event: 3.387 Thread 0x000002561d0174b0 Exception <a 'java/lang/NoSuchMethodError'***REMOVED***0x00000000865ca2b0***REMOVED***: 'int java.lang.invoke.DelegatingMethodHandle$Holder.reinvoke_L(java.lang.Object, java.lang.Object, java.lang.Object, long, long, long)'> (0x00000000865ca2b0) 
thrown [s\src\hotspot\share\interpreter\linkResolver.cpp, line 771]
Event: 3.388 Thread 0x000002561d0174b0 Exception <a 'java/lang/NoSuchMethodError'***REMOVED***0x00000000865d88c8***REMOVED***: 'int java.lang.invoke.DelegatingMethodHandle$Holder.reinvoke_L(java.lang.Object, java.lang.Object, java.lang.Object, long, int)'> (0x00000000865d88c8) 
thrown [s\src\hotspot\share\interpreter\linkResolver.cpp, line 771]
Event: 3.432 Thread 0x000002561d0174b0 Exception <a 'java/lang/NoSuchMethodError'***REMOVED***0x000000008647fa58***REMOVED***: 'int java.lang.invoke.DirectMethodHandle$Holder.invokeStaticInit(java.lang.Object, java.lang.Object, java.lang.Object)'> (0x000000008647fa58) 
thrown [s\src\hotspot\share\interpreter\linkResolver.cpp, line 771]
Event: 3.446 Thread 0x000002561d0174b0 Exception <a 'java/lang/NoSuchMethodError'***REMOVED***0x00000000864a86e0***REMOVED***: 'int java.lang.invoke.DirectMethodHandle$Holder.invokeStaticInit(java.lang.Object, java.lang.Object)'> (0x00000000864a86e0) 
thrown [s\src\hotspot\share\interpreter\linkResolver.cpp, line 771]
Event: 3.495 Thread 0x000002561d0174b0 Exception <a 'java/lang/NoSuchMethodError'***REMOVED***0x0000000086387ac0***REMOVED***: 'void java.lang.invoke.DirectMethodHandle$Holder.invokeSpecial(java.lang.Object, java.lang.Object, java.lang.Object)'> (0x0000000086387ac0) 
thrown [s\src\hotspot\share\interpreter\linkResolver.cpp, line 771]
Event: 3.692 Thread 0x000002561d0174b0 Exception <a 'java/lang/NoSuchMethodError'***REMOVED***0x00000000860ae110***REMOVED***: 'void java.lang.invoke.DirectMethodHandle$Holder.invokeStatic(java.lang.Object, java.lang.Object, java.lang.Object, java.lang.Object)'> (0x00000000860ae110) 
thrown [s\src\hotspot\share\interpreter\linkResolver.cpp, line 771]
Event: 4.045 Thread 0x000002561d0174b0 Exception <a 'java/lang/NoSuchMethodError'***REMOVED***0x0000000085c6e278***REMOVED***: 'void java.lang.invoke.DirectMethodHandle$Holder.invokeStaticInit(java.lang.Object, java.lang.Object)'> (0x0000000085c6e278) 
thrown [s\src\hotspot\share\interpreter\linkResolver.cpp, line 771]
Event: 4.313 Thread 0x000002561d0174b0 Exception <a 'java/lang/NoSuchMethodError'***REMOVED***0x00000000857553b0***REMOVED***: 'void java.lang.invoke.DirectMethodHandle$Holder.invokeVirtual(java.lang.Object, java.lang.Object)'> (0x00000000857553b0) 
thrown [s\src\hotspot\share\interpreter\linkResolver.cpp, line 771]
Event: 4.334 Thread 0x000002561d0174b0 Exception <a 'java/lang/NoSuchMethodError'***REMOVED***0x00000000857a1de8***REMOVED***: 'int java.lang.invoke.DirectMethodHandle$Holder.invokeVirtual(java.lang.Object, java.lang.Object)'> (0x00000000857a1de8) 
thrown [s\src\hotspot\share\interpreter\linkResolver.cpp, line 771]
Event: 4.370 Thread 0x000002561d0174b0 Exception <a 'java/lang/NoSuchMethodError'***REMOVED***0x000000008563a3f8***REMOVED***: 'java.lang.Object java.lang.invoke.Invokers$Holder.invokeExact_MT(java.lang.Object, java.lang.Object, java.lang.Object, java.lang.Object, java.lang.Object, java.lang.Object)'> (0x000000008563a3f8) 
thrown [s\src\hotspot\share\interpreter\linkResolver.cpp, line 771]
Event: 5.729 Thread 0x000002561d0174b0 Implicit null exception at 0x0000025627fd8e72 to 0x0000025627fd94b0
Event: 6.020 Thread 0x000002561d0174b0 Implicit null exception at 0x0000025627fd9ff2 to 0x0000025627fda648
Event: 6.125 Thread 0x000002561d0174b0 Exception <a 'java/lang/NoSuchMethodError'***REMOVED***0x0000000086101710***REMOVED***: 'java.lang.Object java.lang.invoke.DirectMethodHandle$Holder.invokeVirtual(java.lang.Object, java.lang.Object, java.lang.Object)'> (0x0000000086101710) 
thrown [s\src\hotspot\share\interpreter\linkResolver.cpp, line 771]
Event: 7.973 Thread 0x000002561d0174b0 Exception <a 'java/lang/NoSuchMethodError'***REMOVED***0x00000000899e3708***REMOVED***: 'java.lang.Object java.lang.invoke.DirectMethodHandle$Holder.newInvokeSpecial(java.lang.Object, java.lang.Object, int)'> (0x00000000899e3708) 
thrown [s\src\hotspot\share\interpreter\linkResolver.cpp, line 771]
Event: 8.092 Thread 0x000002561d0174b0 Exception <a 'java/lang/NoSuchMethodError'***REMOVED***0x0000000087bef410***REMOVED***: 'java.lang.Object java.lang.invoke.DirectMethodHandle$Holder.newInvokeSpecial(java.lang.Object, java.lang.Object, java.lang.Object, int)'> (0x0000000087bef410) 
thrown [s\src\hotspot\share\interpreter\linkResolver.cpp, line 771]
Event: 8.093 Thread 0x000002561d0174b0 Exception <a 'java/lang/NoSuchMethodError'***REMOVED***0x0000000087bf3a98***REMOVED***: 'java.lang.Object java.lang.invoke.DirectMethodHandle$Holder.invokeSpecial(java.lang.Object, java.lang.Object, java.lang.Object, java.lang.Object, int)'> (0x0000000087bf3a98) 
thrown [s\src\hotspot\share\interpreter\linkResolver.cpp, line 771]
Event: 8.093 Thread 0x000002561d0174b0 Exception <a 'java/lang/NoSuchMethodError'***REMOVED***0x0000000087bf7908***REMOVED***: 'java.lang.Object java.lang.invoke.Invokers$Holder.linkToTargetMethod(java.lang.Object, java.lang.Object, int, java.lang.Object)'> (0x0000000087bf7908) 
thrown [s\src\hotspot\share\interpreter\linkResolver.cpp, line 771]

VM Operations (20 events):
Event: 5.226 Executing VM operation: HandshakeAllThreads
Event: 5.226 Executing VM operation: HandshakeAllThreads done
Event: 5.696 Executing VM operation: G1CollectForAllocation
Event: 5.711 Executing VM operation: G1CollectForAllocation done
Event: 6.257 Executing VM operation: G1CollectForAllocation
Event: 6.267 Executing VM operation: G1CollectForAllocation done
Event: 6.754 Executing VM operation: CollectForMetadataAllocation
Event: 6.759 Executing VM operation: CollectForMetadataAllocation done
Event: 6.775 Executing VM operation: G1Concurrent
Event: 6.781 Executing VM operation: G1Concurrent done
Event: 6.786 Executing VM operation: G1Concurrent
Event: 6.786 Executing VM operation: G1Concurrent done
Event: 7.792 Executing VM operation: Cleanup
Event: 7.793 Executing VM operation: Cleanup done
Event: 7.862 Executing VM operation: G1CollectForAllocation
Event: 7.868 Executing VM operation: G1CollectForAllocation done
Event: 8.068 Executing VM operation: HandshakeAllThreads
Event: 8.068 Executing VM operation: HandshakeAllThreads done
Event: 8.090 Executing VM operation: HandshakeAllThreads
Event: 8.090 Executing VM operation: HandshakeAllThreads done

Events (20 events):
Event: 7.186 loading class sun/reflect/generics/scope/MethodScope
Event: 7.186 loading class sun/reflect/generics/scope/MethodScope done
Event: 7.186 loading class sun/reflect/generics/repository/MethodRepository
Event: 7.186 loading class sun/reflect/generics/repository/MethodRepository done
Event: 7.899 loading class java/util/BitSet
Event: 7.900 loading class java/util/BitSet done
Event: 7.910 loading class java/util/PrimitiveIterator$OfInt
Event: 7.911 loading class java/util/PrimitiveIterator
Event: 7.911 loading class java/util/PrimitiveIterator done
Event: 7.911 loading class java/util/PrimitiveIterator$OfInt done
Event: 7.963 loading class java/util/AbstractMap$SimpleImmutableEntry
Event: 7.963 loading class java/util/AbstractMap$SimpleImmutableEntry done
Event: 7.972 loading class java/util/function/IntUnaryOperator
Event: 7.972 loading class java/util/function/IntUnaryOperator done
Event: 8.034 loading class java/util/regex/Pattern$StartS
Event: 8.034 loading class java/util/regex/Pattern$StartS done
Event: 8.053 loading class java/util/ConcurrentModificationException
Event: 8.054 loading class java/util/ConcurrentModificationException done
Event: 8.067 loading class java/util/ArrayList$ListItr
Event: 8.068 loading class java/util/ArrayList$ListItr done


Dynamic libraries:
0x00007ff6f1360000 - 0x00007ff6f136a000 	C:\Program Files\Android\Android Studio\jbr\bin\java.exe
0x00007ffb35d30000 - 0x00007ffb35f28000 	C:\Windows\SYSTEM32\ntdll.dll
0x00007ffb35c30000 - 0x00007ffb35ced000 	C:\Windows\System32\KERNEL32.DLL
0x00007ffb337a0000 - 0x00007ffb33a96000 	C:\Windows\System32\KERNELBASE.dll
0x00007ffb33b40000 - 0x00007ffb33c40000 	C:\Windows\System32\ucrtbase.dll
0x00007ffb205d0000 - 0x00007ffb205e7000 	C:\Program Files\Android\Android Studio\jbr\bin\jli.dll
0x00007ffb2fca0000 - 0x00007ffb2fcbb000 	C:\Program Files\Android\Android Studio\jbr\bin\VCRUNTIME140.dll
0x00007ffb35070000 - 0x00007ffb3520e000 	C:\Windows\System32\USER32.dll
0x00007ffb33b10000 - 0x00007ffb33b32000 	C:\Windows\System32\win32u.dll
0x00007ffb1bae0000 - 0x00007ffb1bd7a000 	C:\Windows\WinSxS\amd64_microsoft.windows.common-controls_6595b64144ccf1df_6.0.19041.1110_none_60b5254171f9507e\COMCTL32.dll
0x00007ffb34530000 - 0x00007ffb3455c000 	C:\Windows\System32\GDI32.dll
0x00007ffb345c0000 - 0x00007ffb3465e000 	C:\Windows\System32\msvcrt.dll
0x00007ffb33410000 - 0x00007ffb3352a000 	C:\Windows\System32\gdi32full.dll
0x00007ffb33cf0000 - 0x00007ffb33d8d000 	C:\Windows\System32\msvcp_win.dll
0x00007ffb33d90000 - 0x00007ffb33dc0000 	C:\Windows\System32\IMM32.DLL
0x00007ffb2fcd0000 - 0x00007ffb2fcdc000 	C:\Program Files\Android\Android Studio\jbr\bin\vcruntime140_1.dll
0x00007ffaf1d00000 - 0x00007ffaf1d8d000 	C:\Program Files\Android\Android Studio\jbr\bin\msvcp140.dll
0x00007ffad98b0000 - 0x00007ffada51e000 	C:\Program Files\Android\Android Studio\jbr\bin\server\jvm.dll
0x00007ffb34ee0000 - 0x00007ffb34f8e000 	C:\Windows\System32\ADVAPI32.dll
0x00007ffb33e30000 - 0x00007ffb33ecc000 	C:\Windows\System32\sechost.dll
0x00007ffb353b0000 - 0x00007ffb354d6000 	C:\Windows\System32\RPCRT4.dll
0x00007ffb05be0000 - 0x00007ffb05be9000 	C:\Windows\SYSTEM32\WSOCK32.dll
0x00007ffb35340000 - 0x00007ffb353ab000 	C:\Windows\System32\WS2_32.dll
0x00007ffb274f0000 - 0x00007ffb27517000 	C:\Windows\SYSTEM32\WINMM.dll
0x00007ffb29ae0000 - 0x00007ffb29aea000 	C:\Windows\SYSTEM32\VERSION.dll
0x00007ffb31c30000 - 0x00007ffb31c42000 	C:\Windows\SYSTEM32\kernel.appcore.dll
0x00007ffb2fcc0000 - 0x00007ffb2fcca000 	C:\Program Files\Android\Android Studio\jbr\bin\jimage.dll
0x00007ffb31040000 - 0x00007ffb31224000 	C:\Windows\SYSTEM32\DBGHELP.DLL
0x00007ffb06150000 - 0x00007ffb06184000 	C:\Windows\SYSTEM32\dbgcore.DLL
0x00007ffb33530000 - 0x00007ffb335b2000 	C:\Windows\System32\bcryptPrimitives.dll
0x00007ffb2c180000 - 0x00007ffb2c1a5000 	C:\Program Files\Android\Android Studio\jbr\bin\java.dll
0x00007ffb2c160000 - 0x00007ffb2c178000 	C:\Program Files\Android\Android Studio\jbr\bin\zip.dll
0x00007ffb354e0000 - 0x00007ffb35c25000 	C:\Windows\System32\SHELL32.dll
0x00007ffb31480000 - 0x00007ffb31c1b000 	C:\Windows\SYSTEM32\windows.storage.dll
0x00007ffb347c0000 - 0x00007ffb34b14000 	C:\Windows\System32\combase.dll
0x00007ffb32e50000 - 0x00007ffb32e7e000 	C:\Windows\SYSTEM32\Wldp.dll
0x00007ffb34e30000 - 0x00007ffb34edd000 	C:\Windows\System32\SHCORE.dll
0x00007ffb33dc0000 - 0x00007ffb33e15000 	C:\Windows\System32\shlwapi.dll
0x00007ffb33340000 - 0x00007ffb33365000 	C:\Windows\SYSTEM32\profapi.dll
0x00007ffb2a770000 - 0x00007ffb2a789000 	C:\Program Files\Android\Android Studio\jbr\bin\net.dll
0x00007ffb2aaf0000 - 0x00007ffb2abfa000 	C:\Windows\SYSTEM32\WINHTTP.dll
0x00007ffb32bb0000 - 0x00007ffb32c1a000 	C:\Windows\system32\mswsock.dll
0x00007ffb285a0000 - 0x00007ffb285b6000 	C:\Program Files\Android\Android Studio\jbr\bin\nio.dll
0x00007ffb2c090000 - 0x00007ffb2c0a0000 	C:\Program Files\Android\Android Studio\jbr\bin\verify.dll

dbghelp: loaded successfully - version: 4.0.5 - missing functions: none
symbol engine: initialized successfully - sym options: 0x614 - pdb path: .;C:\Program Files\Android\Android Studio\jbr\bin;C:\Windows\SYSTEM32;C:\Windows\WinSxS\amd64_microsoft.windows.common-controls_6595b64144ccf1df_6.0.19041.1110_none_60b5254171f9507e;C:\Program Files\Android\Android Studio\jbr\bin\server

VM Arguments:
java_command: org.jetbrains.kotlin.cli.jvm.K2JVMCompiler @C:\pdm-projetos-github\ContatosPdm\app\build\20230919_7203737154511230012.compiler.options
java_class_path (initial): C:\Users\keilo\.gradle\caches\modules-2\files-2.1\org.jetbrains.kotlin\kotlin-compiler-embeddable\1.9.0\2c8c3a7402becca891f12739b3e9fd2dc2adbd7a\kotlin-compiler-embeddable-1.9.0.jar;C:\Users\keilo\.gradle\caches\modules-2\files-2.1\org.jetbrains.kotlin\kotlin-stdlib\1.9.0\8ee15ef0c67dc83d874f412d84378d7f0eb50b63\kotlin-stdlib-1.9.0.jar;C:\Users\keilo\.gradle\caches\modules-2\files-2.1\org.jetbrains.kotlin\kotlin-script-runtime\1.9.0\4b3102cbbb7e1b58d9d1adf89563f00069ffa7d1\kotlin-script-runtime-1.9.0.jar;C:\Users\keilo\.gradle\caches\modules-2\files-2.1\org.jetbrains.kotlin\kotlin-reflect\1.6.10\1cbe9c92c12a94eea200d23c2bbaedaf3daf5132\kotlin-reflect-1.6.10.jar;C:\Users\keilo\.gradle\caches\modules-2\files-2.1\org.jetbrains.kotlin\kotlin-daemon-embeddable\1.9.0\186543f5e28cf8d9a0290fecc2cf34301c40a65c\kotlin-daemon-embeddable-1.9.0.jar;C:\Users\keilo\.gradle\caches\modules-2\files-2.1\org.jetbrains.intellij.deps\trove4j\1.0.20200330\3afb14d5f9ceb459d724e907a21145e8ff394f02\trove4j-1.0.20200330.jar;C:\Users\keilo\.gradle\caches\modules-2\files-2.1\org.jetbrains.kotlin\kotlin-stdlib-common\1.9.0\cd65c21cfd1eec4d44ef09f9f52b6d9f8a720636\kotlin-stdlib-common-1.9.0.jar;C:\Users\keilo\.gradle\caches\modules-2\files-2.1\org.jetbrains\annotations\13.0\919f0dfe192fb4e063e7dacadee7f8bb9a2672a9\annotations-13.0.jar
Launcher Type: SUN_STANDARD

[Global flags]
     intx CICompilerCount                          = 4                                         ***REMOVED***product***REMOVED*** ***REMOVED***ergonomic***REMOVED***
     uint ConcGCThreads                            = 2                                         ***REMOVED***product***REMOVED*** ***REMOVED***ergonomic***REMOVED***
     uint G1ConcRefinementThreads                  = 8                                         ***REMOVED***product***REMOVED*** ***REMOVED***ergonomic***REMOVED***
   size_t G1HeapRegionSize                         = 1048576                                   ***REMOVED***product***REMOVED*** ***REMOVED***ergonomic***REMOVED***
    uintx GCDrainStackTargetSize                   = 64                                        ***REMOVED***product***REMOVED*** ***REMOVED***ergonomic***REMOVED***
   size_t InitialHeapSize                          = 130023424                                 ***REMOVED***product***REMOVED*** ***REMOVED***ergonomic***REMOVED***
   size_t MarkStackSize                            = 4194304                                   ***REMOVED***product***REMOVED*** ***REMOVED***ergonomic***REMOVED***
   size_t MaxHeapSize                              = 2076180480                                ***REMOVED***product***REMOVED*** ***REMOVED***ergonomic***REMOVED***
   size_t MaxNewSize                               = 1245708288                                ***REMOVED***product***REMOVED*** ***REMOVED***ergonomic***REMOVED***
   size_t MinHeapDeltaBytes                        = 1048576                                   ***REMOVED***product***REMOVED*** ***REMOVED***ergonomic***REMOVED***
   size_t MinHeapSize                              = 8388608                                   ***REMOVED***product***REMOVED*** ***REMOVED***ergonomic***REMOVED***
    uintx NonNMethodCodeHeapSize                   = 5839372                                ***REMOVED***pd product***REMOVED*** ***REMOVED***ergonomic***REMOVED***
    uintx NonProfiledCodeHeapSize                  = 122909434                              ***REMOVED***pd product***REMOVED*** ***REMOVED***ergonomic***REMOVED***
    uintx ProfiledCodeHeapSize                     = 122909434                              ***REMOVED***pd product***REMOVED*** ***REMOVED***ergonomic***REMOVED***
    uintx ReservedCodeCacheSize                    = 251658240                              ***REMOVED***pd product***REMOVED*** ***REMOVED***ergonomic***REMOVED***
     bool SegmentedCodeCache                       = true                                      ***REMOVED***product***REMOVED*** ***REMOVED***ergonomic***REMOVED***
   size_t SoftMaxHeapSize                          = 2076180480                             ***REMOVED***manageable***REMOVED*** ***REMOVED***ergonomic***REMOVED***
     bool UseCompressedClassPointers               = true                           ***REMOVED***product lp64_product***REMOVED*** ***REMOVED***ergonomic***REMOVED***
     bool UseCompressedOops                        = true                           ***REMOVED***product lp64_product***REMOVED*** ***REMOVED***ergonomic***REMOVED***
     bool UseG1GC                                  = true                                      ***REMOVED***product***REMOVED*** ***REMOVED***ergonomic***REMOVED***
     bool UseLargePagesIndividualAllocation        = false                                  ***REMOVED***pd product***REMOVED*** ***REMOVED***ergonomic***REMOVED***

Logging:
Log output configuration:
 #0: stdout all=warning uptime,level,tags
 #1: stderr all=off uptime,level,tags

Environment Variables:
PATH=C:\Windows\system32;C:\Windows;C:\Windows\System32\Wbem;C:\Windows\System32\WindowsPowerShell\v1.0\;C:\Windows\System32\OpenSSH\;C:\Program Files\dotnet\;C:\Program Files\Git\cmd;C:\Users\keilo\AppData\Local\Microsoft\WindowsApps;C:\Users\keilo\AppData\Local\GitHubDesktop\bin;C:\Users\keilo\AppData\Local\Programs\Microsoft VS Code\bin
USERNAME=keilo
OS=Windows_NT
PROCESSOR_IDENTIFIER=Intel64 Family 6 Model 140 Stepping 1, GenuineIntel
TMP=C:\Users\keilo\AppData\Local\Temp
TEMP=C:\Users\keilo\AppData\Local\Temp


JNI global refs:
JNI global refs: 8, weak refs: 1

JNI global refs memory usage: 843, weak refs: 841


---------------  S Y S T E M  ---------------

OS:
 Windows 10 , 64 bit Build 19041 (10.0.19041.3393)
OS uptime: 0 days 3:30 hours

CPU: total 8 (initial active 8) (4 cores per cpu, 2 threads per core) family 6 model 140 stepping 1 microcode 0x8a, cx8, cmov, fxsr, ht, mmx, 3dnowpref, sse, sse2, sse3, ssse3, sse4.1, sse4.2, popcnt, lzcnt, tsc, tscinvbit, avx, avx2, aes, erms, clmul, bmi1, bmi2, adx, avx512f, avx512dq, avx512cd, avx512bw, avx512vl, sha, fma, vzeroupper, avx512_vpopcntdq, avx512_vpclmulqdq, avx512_vaes, avx512_vnni, clflush, clflushopt, clwb, avx512_vbmi2, avx512_vbmi

Memory: 4k page, system-wide physical 7915M (233M free)
TotalPageFile size 15830M (AvailPageFile size 8M)
current process WorkingSet (physical memory assigned to process): 175M, peak: 175M
current process commit charge ("private bytes"): 214M, peak: 227M

vm_info: OpenJDK 64-Bit Server VM (17.0.6+0-b2043.56-10027231) for windows-amd64 JRE (17.0.6+0-b2043.56-10027231), built on Apr 28 2023 00:43:19 by "androidbuild" with MS VC++ 16.10 / 16.11 (VS2019)

END.
