#
# There is insufficient memory for the Java Runtime Environment to continue.
# Native memory allocation (mmap) failed to map 65536 bytes for Failed to commit metaspace.
# Possible reasons:
#   The system is out of physical RAM or swap space
#   The process is running with CompressedOops enabled, and the Java Heap may be blocking the growth of the native heap
# Possible solutions:
#   Reduce memory load on the system
#   Increase physical memory or swap space
#   Check if swap backing store is full
#   Decrease Java heap size (-Xmx/-Xms)
#   Decrease number of Java threads
#   Decrease Java thread stack sizes (-Xss)
#   Set larger code cache with -XX:ReservedCodeCacheSize=
#   JVM is running with Unscaled Compressed Oops mode in which the Java heap is
#     placed in the first 4GB address space. The Java Heap base address is the
#     maximum limit for the native heap growth. Please use -XX:HeapBaseMinAddress
#     to set the Java Heap base and to place the Java Heap above 4GB virtual address.
# This output file may be truncated or incomplete.
#
#  Out of Memory Error (virtualSpaceNode.cpp:110), pid=6916, tid=4820
#
# JRE version: OpenJDK Runtime Environment (17.0.6) (build 17.0.6+0-b2043.56-10027231)
# Java VM: OpenJDK 64-Bit Server VM (17.0.6+0-b2043.56-10027231, mixed mode, tiered, compressed oops, compressed class ptrs, g1 gc, windows-amd64)
# No core dump will be written. Minidumps are not enabled by default on client versions of Windows
#

---------------  S U M M A R Y ------------

Command Line: org.jetbrains.kotlin.cli.jvm.K2JVMCompiler @C:\pdm-projetos-github\ContatosPdm\app\build\20230919_4043368563785750332.compiler.options

Host: 11th Gen Intel(R) Core(TM) i5-1135G7 @ 2.40GHz, 8 cores, 7G,  Windows 10 , 64 bit Build 19041 (10.0.19041.3393)
Time: Tue Sep 19 21:21:17 2023 E. South America Standard Time elapsed time: 0.482292 seconds (0d 0h 0m 0s)

---------------  T H R E A D  ---------------

Current thread (0x000001cbe1747430):  JavaThread "main" [_thread_in_vm, id=4820, stack(0x000000c53ed00000,0x000000c53ee00000)]

Stack: [0x000000c53ed00000,0x000000c53ee00000]
Native frames: (J=compiled Java code, j=interpreted, Vv=VM code, C=native code)
V  [jvm.dll+0x683c9a]
V  [jvm.dll+0x8427a4]
V  [jvm.dll+0x843f9e]
V  [jvm.dll+0x844603]
V  [jvm.dll+0x249b75]
V  [jvm.dll+0x83e7fb]
V  [jvm.dll+0x628006]
V  [jvm.dll+0x1c194e]
V  [jvm.dll+0x62a941]
V  [jvm.dll+0x6289a6]
V  [jvm.dll+0x23db6f]
V  [jvm.dll+0x632795]
V  [jvm.dll+0x1eda2b]
V  [jvm.dll+0x1edf65]
V  [jvm.dll+0x1ee884]
V  [jvm.dll+0x1e3dcc]
V  [jvm.dll+0x547fed]
V  [jvm.dll+0x7bd3d5]
V  [jvm.dll+0x7bd4ee]
V  [jvm.dll+0x41182a]
V  [jvm.dll+0x4179a9]
C  [java.dll+0x17ec]

Java frames: (J=compiled Java code, j=interpreted, Vv=VM code)
j  java.lang.ClassLoader.defineClass1(Ljava/lang/ClassLoader;Ljava/lang/String;[BIILjava/security/ProtectionDomain;Ljava/lang/String;)Ljava/lang/Class;+0 java.base@17.0.6
j  java.lang.ClassLoader.defineClass(Ljava/lang/String;[BIILjava/security/ProtectionDomain;)Ljava/lang/Class;+27 java.base@17.0.6
j  java.security.SecureClassLoader.defineClass(Ljava/lang/String;[BIILjava/security/CodeSource;)Ljava/lang/Class;+12 java.base@17.0.6
j  jdk.internal.loader.BuiltinClassLoader.defineClass(Ljava/lang/String;Ljdk/internal/loader/Resource;)Ljava/lang/Class;+117 java.base@17.0.6
j  jdk.internal.loader.BuiltinClassLoader.findClassOnClassPathOrNull(Ljava/lang/String;)Ljava/lang/Class;+37 java.base@17.0.6
J 209 c1 jdk.internal.loader.BuiltinClassLoader.loadClassOrNull(Ljava/lang/String;Z)Ljava/lang/Class; java.base@17.0.6 (143 bytes) @ 0x000001cbe4c67304 [0x000001cbe4c66440+0x0000000000000ec4]
J 291 c1 jdk.internal.loader.ClassLoaders$AppClassLoader.loadClass(Ljava/lang/String;Z)Ljava/lang/Class; java.base@17.0.6 (40 bytes) @ 0x000001cbe4c82df4 [0x000001cbe4c827e0+0x0000000000000614]
J 290 c1 java.lang.ClassLoader.loadClass(Ljava/lang/String;)Ljava/lang/Class; java.base@17.0.6 (7 bytes) @ 0x000001cbe4c8243c [0x000001cbe4c82340+0x00000000000000fc]
v  ~StubRoutines::call_stub
j  java.lang.ClassLoader.defineClass1(Ljava/lang/ClassLoader;Ljava/lang/String;[BIILjava/security/ProtectionDomain;Ljava/lang/String;)Ljava/lang/Class;+0 java.base@17.0.6
j  java.lang.ClassLoader.defineClass(Ljava/lang/String;[BIILjava/security/ProtectionDomain;)Ljava/lang/Class;+27 java.base@17.0.6
j  java.security.SecureClassLoader.defineClass(Ljava/lang/String;[BIILjava/security/CodeSource;)Ljava/lang/Class;+12 java.base@17.0.6
j  jdk.internal.loader.BuiltinClassLoader.defineClass(Ljava/lang/String;Ljdk/internal/loader/Resource;)Ljava/lang/Class;+117 java.base@17.0.6
j  jdk.internal.loader.BuiltinClassLoader.findClassOnClassPathOrNull(Ljava/lang/String;)Ljava/lang/Class;+37 java.base@17.0.6
J 209 c1 jdk.internal.loader.BuiltinClassLoader.loadClassOrNull(Ljava/lang/String;Z)Ljava/lang/Class; java.base@17.0.6 (143 bytes) @ 0x000001cbe4c67304 [0x000001cbe4c66440+0x0000000000000ec4]
J 291 c1 jdk.internal.loader.ClassLoaders$AppClassLoader.loadClass(Ljava/lang/String;Z)Ljava/lang/Class; java.base@17.0.6 (40 bytes) @ 0x000001cbe4c82df4 [0x000001cbe4c827e0+0x0000000000000614]
J 290 c1 java.lang.ClassLoader.loadClass(Ljava/lang/String;)Ljava/lang/Class; java.base@17.0.6 (7 bytes) @ 0x000001cbe4c8243c [0x000001cbe4c82340+0x00000000000000fc]
v  ~StubRoutines::call_stub
j  kotlin.reflect.jvm.internal.impl.builtins.StandardNames.<clinit>()V+359
v  ~StubRoutines::call_stub
j  kotlin.reflect.jvm.internal.impl.builtins.functions.FunctionClassKind.<clinit>()V+7
v  ~StubRoutines::call_stub
j  kotlin.reflect.jvm.internal.impl.builtins.jvm.JavaToKotlinClassMap.<clinit>()V+17
v  ~StubRoutines::call_stub
j  kotlin.reflect.jvm.internal.RuntimeTypeMapper.mapJvmClassToKotlinClassId(Ljava/lang/Class;)Lkotlin/reflect/jvm/internal/impl/name/ClassId;+142
j  kotlin.reflect.jvm.internal.KClassImpl.getClassId()Lkotlin/reflect/jvm/internal/impl/name/ClassId;+7
j  kotlin.reflect.jvm.internal.KClassImpl.access$getClassId(Lkotlin/reflect/jvm/internal/KClassImpl;)Lkotlin/reflect/jvm/internal/impl/name/ClassId;+1
j  kotlin.reflect.jvm.internal.KClassImpl$Data$descriptor$2.invoke()Lkotlin/reflect/jvm/internal/impl/descriptors/ClassDescriptor;+4
j  kotlin.reflect.jvm.internal.KClassImpl$Data$descriptor$2.invoke()Ljava/lang/Object;+1
j  kotlin.reflect.jvm.internal.ReflectProperties$LazySoftVal.invoke()Ljava/lang/Object;+28
j  kotlin.reflect.jvm.internal.ReflectProperties$Val.getValue(Ljava/lang/Object;Ljava/lang/Object;)Ljava/lang/Object;+1
j  kotlin.reflect.jvm.internal.KClassImpl$Data.getDescriptor()Lkotlin/reflect/jvm/internal/impl/descriptors/ClassDescriptor;+10
j  kotlin.reflect.jvm.internal.KClassImpl.getDescriptor()Lkotlin/reflect/jvm/internal/impl/descriptors/ClassDescriptor;+10
j  kotlin.reflect.jvm.internal.KClassImpl.getMemberScope$kotlin_reflection()Lkotlin/reflect/jvm/internal/impl/resolve/scopes/MemberScope;+1
j  kotlin.reflect.jvm.internal.KClassImpl$Data$declaredNonStaticMembers$2.invoke()Ljava/util/Collection;+8
j  kotlin.reflect.jvm.internal.KClassImpl$Data$declaredNonStaticMembers$2.invoke()Ljava/lang/Object;+1
j  kotlin.reflect.jvm.internal.ReflectProperties$LazySoftVal.invoke()Ljava/lang/Object;+28
j  kotlin.reflect.jvm.internal.ReflectProperties$Val.getValue(Ljava/lang/Object;Ljava/lang/Object;)Ljava/lang/Object;+1
j  kotlin.reflect.jvm.internal.KClassImpl$Data.getDeclaredNonStaticMembers()Ljava/util/Collection;+11
j  kotlin.reflect.jvm.internal.KClassImpl$Data$allNonStaticMembers$2.invoke()Ljava/util/List;+4
j  kotlin.reflect.jvm.internal.KClassImpl$Data$allNonStaticMembers$2.invoke()Ljava/lang/Object;+1
j  kotlin.reflect.jvm.internal.ReflectProperties$LazySoftVal.invoke()Ljava/lang/Object;+28
j  kotlin.reflect.jvm.internal.ReflectProperties$Val.getValue(Ljava/lang/Object;Ljava/lang/Object;)Ljava/lang/Object;+1
j  kotlin.reflect.jvm.internal.KClassImpl$Data.getAllNonStaticMembers()Ljava/util/Collection;+11
j  kotlin.reflect.full.KClasses.getMemberProperties(Lkotlin/reflect/KClass;)Ljava/util/Collection;+19
j  org.jetbrains.kotlin.cli.common.arguments.ParseCommandLineArgumentsKt.parsePreprocessedCommandLineArguments(Ljava/util/List;Lorg/jetbrains/kotlin/cli/common/arguments/CommonToolArguments;Lkotlin/Lazy;Z)V+7
j  org.jetbrains.kotlin.cli.common.arguments.ParseCommandLineArgumentsKt.parseCommandLineArguments(Ljava/util/List;Lorg/jetbrains/kotlin/cli/common/arguments/CommonToolArguments;Z)V+39
j  org.jetbrains.kotlin.cli.common.arguments.ParseCommandLineArgumentsKt.parseCommandLineArguments$default(Ljava/util/List;Lorg/jetbrains/kotlin/cli/common/arguments/CommonToolArguments;ZILjava/lang/Object;)V+11
j  org.jetbrains.kotlin.cli.common.CLITool.exec(Ljava/io/PrintStream;Lorg/jetbrains/kotlin/config/Services;Lorg/jetbrains/kotlin/cli/common/messages/MessageRenderer;[Ljava/lang/String;)Lorg/jetbrains/kotlin/cli/common/ExitCode;+41
j  org.jetbrains.kotlin.cli.common.CLITool.exec(Ljava/io/PrintStream;Lorg/jetbrains/kotlin/cli/common/messages/MessageRenderer;[Ljava/lang/String;)Lorg/jetbrains/kotlin/cli/common/ExitCode;+25
j  org.jetbrains.kotlin.cli.common.CLITool$Companion.doMainNoExit(Lorg/jetbrains/kotlin/cli/common/CLITool;[Ljava/lang/String;Lorg/jetbrains/kotlin/cli/common/messages/MessageRenderer;)Lorg/jetbrains/kotlin/cli/common/ExitCode;+39
j  org.jetbrains.kotlin.cli.common.CLITool$Companion.doMainNoExit$default(Lorg/jetbrains/kotlin/cli/common/CLITool$Companion;Lorg/jetbrains/kotlin/cli/common/CLITool;[Ljava/lang/String;Lorg/jetbrains/kotlin/cli/common/messages/MessageRenderer;ILjava/lang/Object;)Lorg/jetbrains/kotlin/cli/common/ExitCode;+16
j  org.jetbrains.kotlin.cli.common.CLITool$Companion.doMain(Lorg/jetbrains/kotlin/cli/common/CLITool;[Ljava/lang/String;)V+57
j  org.jetbrains.kotlin.cli.jvm.K2JVMCompiler$Companion.main([Ljava/lang/String;)V+20
j  org.jetbrains.kotlin.cli.jvm.K2JVMCompiler.main([Ljava/lang/String;)V+4
v  ~StubRoutines::call_stub

---------------  P R O C E S S  ---------------

Threads class SMR info:
_java_thread_list=0x000001cbfbe746d0, length=12, elements=***REMOVED***
0x000001cbe1747430, 0x000001cbfb314d00, 0x000001cbfb344d20, 0x000001cbfbd296f0,
0x000001cbfbd2a0a0, 0x000001cbfbd2ca60, 0x000001cbfbd2d410, 0x000001cbfbd2e0f0,
0x000001cbfbd31350, 0x000001cbfbd44af0, 0x000001cbfbea9ad0, 0x000001cbfbeb4d30
***REMOVED***

Java Threads: ( => current thread )
=>0x000001cbe1747430 JavaThread "main" [_thread_in_vm, id=4820, stack(0x000000c53ed00000,0x000000c53ee00000)]
  0x000001cbfb314d00 JavaThread "Reference Handler" daemon [_thread_blocked, id=15184, stack(0x000000c53f400000,0x000000c53f500000)]
  0x000001cbfb344d20 JavaThread "Finalizer" daemon [_thread_blocked, id=15008, stack(0x000000c53f500000,0x000000c53f600000)]
  0x000001cbfbd296f0 JavaThread "Signal Dispatcher" daemon [_thread_blocked, id=12076, stack(0x000000c53f600000,0x000000c53f700000)]
  0x000001cbfbd2a0a0 JavaThread "Attach Listener" daemon [_thread_blocked, id=14612, stack(0x000000c53f700000,0x000000c53f800000)]
  0x000001cbfbd2ca60 JavaThread "Service Thread" daemon [_thread_blocked, id=15240, stack(0x000000c53f800000,0x000000c53f900000)]
  0x000001cbfbd2d410 JavaThread "Monitor Deflation Thread" daemon [_thread_blocked, id=15032, stack(0x000000c53f900000,0x000000c53fa00000)]
  0x000001cbfbd2e0f0 JavaThread "C2 CompilerThread0" daemon [_thread_blocked, id=13872, stack(0x000000c53fa00000,0x000000c53fb00000)]
  0x000001cbfbd31350 JavaThread "C1 CompilerThread0" daemon [_thread_blocked, id=14956, stack(0x000000c53fb00000,0x000000c53fc00000)]
  0x000001cbfbd44af0 JavaThread "Sweeper thread" daemon [_thread_blocked, id=3192, stack(0x000000c53fc00000,0x000000c53fd00000)]
  0x000001cbfbea9ad0 JavaThread "Notification Thread" daemon [_thread_blocked, id=15168, stack(0x000000c53fd00000,0x000000c53fe00000)]
  0x000001cbfbeb4d30 JavaThread "Common-Cleaner" daemon [_thread_blocked, id=15180, stack(0x000000c53ff00000,0x000000c540000000)]

Other Threads:
  0x000001cbfb30c6f0 VMThread "VM Thread" [stack: 0x000000c53f300000,0x000000c53f400000] [id=6588]
  0x000001cbfbeaa3b0 WatcherThread [stack: 0x000000c53fe00000,0x000000c53ff00000] [id=15316]
  0x000001cbe17a3c00 GCTaskThread "GC Thread#0" [stack: 0x000000c53ee00000,0x000000c53ef00000] [id=12620]
  0x000001cbe17b42c0 ConcurrentGCThread "G1 Main Marker" [stack: 0x000000c53ef00000,0x000000c53f000000] [id=15272]
  0x000001cbe17b4cd0 ConcurrentGCThread "G1 Conc#0" [stack: 0x000000c53f000000,0x000000c53f100000] [id=16260]
  0x000001cbe181e270 ConcurrentGCThread "G1 Refine#0" [stack: 0x000000c53f100000,0x000000c53f200000] [id=12580]
  0x000001cbe181ec90 ConcurrentGCThread "G1 Service" [stack: 0x000000c53f200000,0x000000c53f300000] [id=5348]

Threads with active compile tasks:

VM state: not at safepoint (normal execution)

VM Mutex/Monitor currently owned by a thread:  ([mutex/lock_event])
[0x000001cbdf57d890] Metaspace_lock - owner thread: 0x000001cbe1747430

Heap address: 0x0000000084400000, size: 1980 MB, Compressed Oops mode: 32-bit

CDS archive(s) not mapped
Compressed class space mapped at: 0x0000000100000000-0x0000000140000000, reserved size: 1073741824
Narrow klass base: 0x0000000000000000, Narrow klass shift: 3, Narrow klass range: 0x140000000

GC Precious Log:
 CPUs: 8 total, 8 available
 Memory: 7915M
 Large Page Support: Disabled
 NUMA Support: Disabled
 Compressed Oops: Enabled (32-bit)
 Heap Region Size: 1M
 Heap Min Capacity: 8M
 Heap Initial Capacity: 124M
 Heap Max Capacity: 1980M
 Pre-touch: Disabled
 Parallel Workers: 8
 Concurrent Workers: 2
 Concurrent Refinement Workers: 8
 Periodic GC: Disabled

Heap:
 garbage-first heap   total 126976K, used 13312K [0x0000000084400000, 0x0000000100000000)
  region size 1024K, 10 young (10240K), 0 survivors (0K)
 Metaspace       used 9089K, committed 9216K, reserved 1064960K
  class space    used 728K, committed 832K, reserved 1048576K

Heap Regions: E=young(eden), S=young(survivor), O=old, HS=humongous(starts), HC=humongous(continues), CS=collection set, F=free, OA=open archive, CA=closed archive, TAMS=top-at-mark-start (previous, next)
|   0|0x0000000084400000, 0x0000000084500000, 0x0000000084500000|100%|HS|  |TAMS 0x0000000084400000, 0x0000000084400000| Complete 
|   1|0x0000000084500000, 0x0000000084600000, 0x0000000084600000|100%|HC|  |TAMS 0x0000000084500000, 0x0000000084500000| Complete 
|   2|0x0000000084600000, 0x0000000084700000, 0x0000000084700000|100%|HC|  |TAMS 0x0000000084600000, 0x0000000084600000| Complete 
|   3|0x0000000084700000, 0x0000000084800000, 0x0000000084800000|100%|HC|  |TAMS 0x0000000084700000, 0x0000000084700000| Complete 
|   4|0x0000000084800000, 0x0000000084900000, 0x0000000084900000|100%|HS|  |TAMS 0x0000000084800000, 0x0000000084800000| Complete 
|   5|0x0000000084900000, 0x0000000084900000, 0x0000000084a00000|  0%| F|  |TAMS 0x0000000084900000, 0x0000000084900000| Untracked 
|   6|0x0000000084a00000, 0x0000000084a00000, 0x0000000084b00000|  0%| F|  |TAMS 0x0000000084a00000, 0x0000000084a00000| Untracked 
|   7|0x0000000084b00000, 0x0000000084b00000, 0x0000000084c00000|  0%| F|  |TAMS 0x0000000084b00000, 0x0000000084b00000| Untracked 
|   8|0x0000000084c00000, 0x0000000084c00000, 0x0000000084d00000|  0%| F|  |TAMS 0x0000000084c00000, 0x0000000084c00000| Untracked 
|   9|0x0000000084d00000, 0x0000000084d00000, 0x0000000084e00000|  0%| F|  |TAMS 0x0000000084d00000, 0x0000000084d00000| Untracked 
|  10|0x0000000084e00000, 0x0000000084e00000, 0x0000000084f00000|  0%| F|  |TAMS 0x0000000084e00000, 0x0000000084e00000| Untracked 
|  11|0x0000000084f00000, 0x0000000084f00000, 0x0000000085000000|  0%| F|  |TAMS 0x0000000084f00000, 0x0000000084f00000| Untracked 
|  12|0x0000000085000000, 0x0000000085000000, 0x0000000085100000|  0%| F|  |TAMS 0x0000000085000000, 0x0000000085000000| Untracked 
|  13|0x0000000085100000, 0x0000000085100000, 0x0000000085200000|  0%| F|  |TAMS 0x0000000085100000, 0x0000000085100000| Untracked 
|  14|0x0000000085200000, 0x0000000085200000, 0x0000000085300000|  0%| F|  |TAMS 0x0000000085200000, 0x0000000085200000| Untracked 
|  15|0x0000000085300000, 0x0000000085300000, 0x0000000085400000|  0%| F|  |TAMS 0x0000000085300000, 0x0000000085300000| Untracked 
|  16|0x0000000085400000, 0x0000000085400000, 0x0000000085500000|  0%| F|  |TAMS 0x0000000085400000, 0x0000000085400000| Untracked 
|  17|0x0000000085500000, 0x0000000085500000, 0x0000000085600000|  0%| F|  |TAMS 0x0000000085500000, 0x0000000085500000| Untracked 
|  18|0x0000000085600000, 0x0000000085600000, 0x0000000085700000|  0%| F|  |TAMS 0x0000000085600000, 0x0000000085600000| Untracked 
|  19|0x0000000085700000, 0x0000000085700000, 0x0000000085800000|  0%| F|  |TAMS 0x0000000085700000, 0x0000000085700000| Untracked 
|  20|0x0000000085800000, 0x0000000085800000, 0x0000000085900000|  0%| F|  |TAMS 0x0000000085800000, 0x0000000085800000| Untracked 
|  21|0x0000000085900000, 0x0000000085900000, 0x0000000085a00000|  0%| F|  |TAMS 0x0000000085900000, 0x0000000085900000| Untracked 
|  22|0x0000000085a00000, 0x0000000085a00000, 0x0000000085b00000|  0%| F|  |TAMS 0x0000000085a00000, 0x0000000085a00000| Untracked 
|  23|0x0000000085b00000, 0x0000000085b00000, 0x0000000085c00000|  0%| F|  |TAMS 0x0000000085b00000, 0x0000000085b00000| Untracked 
|  24|0x0000000085c00000, 0x0000000085c00000, 0x0000000085d00000|  0%| F|  |TAMS 0x0000000085c00000, 0x0000000085c00000| Untracked 
|  25|0x0000000085d00000, 0x0000000085d00000, 0x0000000085e00000|  0%| F|  |TAMS 0x0000000085d00000, 0x0000000085d00000| Untracked 
|  26|0x0000000085e00000, 0x0000000085e00000, 0x0000000085f00000|  0%| F|  |TAMS 0x0000000085e00000, 0x0000000085e00000| Untracked 
|  27|0x0000000085f00000, 0x0000000085f00000, 0x0000000086000000|  0%| F|  |TAMS 0x0000000085f00000, 0x0000000085f00000| Untracked 
|  28|0x0000000086000000, 0x0000000086000000, 0x0000000086100000|  0%| F|  |TAMS 0x0000000086000000, 0x0000000086000000| Untracked 
|  29|0x0000000086100000, 0x0000000086100000, 0x0000000086200000|  0%| F|  |TAMS 0x0000000086100000, 0x0000000086100000| Untracked 
|  30|0x0000000086200000, 0x0000000086200000, 0x0000000086300000|  0%| F|  |TAMS 0x0000000086200000, 0x0000000086200000| Untracked 
|  31|0x0000000086300000, 0x0000000086300000, 0x0000000086400000|  0%| F|  |TAMS 0x0000000086300000, 0x0000000086300000| Untracked 
|  32|0x0000000086400000, 0x0000000086400000, 0x0000000086500000|  0%| F|  |TAMS 0x0000000086400000, 0x0000000086400000| Untracked 
|  33|0x0000000086500000, 0x0000000086500000, 0x0000000086600000|  0%| F|  |TAMS 0x0000000086500000, 0x0000000086500000| Untracked 
|  34|0x0000000086600000, 0x0000000086600000, 0x0000000086700000|  0%| F|  |TAMS 0x0000000086600000, 0x0000000086600000| Untracked 
|  35|0x0000000086700000, 0x0000000086700000, 0x0000000086800000|  0%| F|  |TAMS 0x0000000086700000, 0x0000000086700000| Untracked 
|  36|0x0000000086800000, 0x0000000086800000, 0x0000000086900000|  0%| F|  |TAMS 0x0000000086800000, 0x0000000086800000| Untracked 
|  37|0x0000000086900000, 0x0000000086900000, 0x0000000086a00000|  0%| F|  |TAMS 0x0000000086900000, 0x0000000086900000| Untracked 
|  38|0x0000000086a00000, 0x0000000086a00000, 0x0000000086b00000|  0%| F|  |TAMS 0x0000000086a00000, 0x0000000086a00000| Untracked 
|  39|0x0000000086b00000, 0x0000000086b00000, 0x0000000086c00000|  0%| F|  |TAMS 0x0000000086b00000, 0x0000000086b00000| Untracked 
|  40|0x0000000086c00000, 0x0000000086c00000, 0x0000000086d00000|  0%| F|  |TAMS 0x0000000086c00000, 0x0000000086c00000| Untracked 
|  41|0x0000000086d00000, 0x0000000086d00000, 0x0000000086e00000|  0%| F|  |TAMS 0x0000000086d00000, 0x0000000086d00000| Untracked 
|  42|0x0000000086e00000, 0x0000000086e00000, 0x0000000086f00000|  0%| F|  |TAMS 0x0000000086e00000, 0x0000000086e00000| Untracked 
|  43|0x0000000086f00000, 0x0000000086f00000, 0x0000000087000000|  0%| F|  |TAMS 0x0000000086f00000, 0x0000000086f00000| Untracked 
|  44|0x0000000087000000, 0x0000000087000000, 0x0000000087100000|  0%| F|  |TAMS 0x0000000087000000, 0x0000000087000000| Untracked 
|  45|0x0000000087100000, 0x0000000087100000, 0x0000000087200000|  0%| F|  |TAMS 0x0000000087100000, 0x0000000087100000| Untracked 
|  46|0x0000000087200000, 0x0000000087200000, 0x0000000087300000|  0%| F|  |TAMS 0x0000000087200000, 0x0000000087200000| Untracked 
|  47|0x0000000087300000, 0x0000000087300000, 0x0000000087400000|  0%| F|  |TAMS 0x0000000087300000, 0x0000000087300000| Untracked 
|  48|0x0000000087400000, 0x0000000087400000, 0x0000000087500000|  0%| F|  |TAMS 0x0000000087400000, 0x0000000087400000| Untracked 
|  49|0x0000000087500000, 0x0000000087500000, 0x0000000087600000|  0%| F|  |TAMS 0x0000000087500000, 0x0000000087500000| Untracked 
|  50|0x0000000087600000, 0x0000000087600000, 0x0000000087700000|  0%| F|  |TAMS 0x0000000087600000, 0x0000000087600000| Untracked 
|  51|0x0000000087700000, 0x0000000087700000, 0x0000000087800000|  0%| F|  |TAMS 0x0000000087700000, 0x0000000087700000| Untracked 
|  52|0x0000000087800000, 0x0000000087800000, 0x0000000087900000|  0%| F|  |TAMS 0x0000000087800000, 0x0000000087800000| Untracked 
|  53|0x0000000087900000, 0x0000000087900000, 0x0000000087a00000|  0%| F|  |TAMS 0x0000000087900000, 0x0000000087900000| Untracked 
|  54|0x0000000087a00000, 0x0000000087a00000, 0x0000000087b00000|  0%| F|  |TAMS 0x0000000087a00000, 0x0000000087a00000| Untracked 
|  55|0x0000000087b00000, 0x0000000087b00000, 0x0000000087c00000|  0%| F|  |TAMS 0x0000000087b00000, 0x0000000087b00000| Untracked 
|  56|0x0000000087c00000, 0x0000000087c00000, 0x0000000087d00000|  0%| F|  |TAMS 0x0000000087c00000, 0x0000000087c00000| Untracked 
|  57|0x0000000087d00000, 0x0000000087d00000, 0x0000000087e00000|  0%| F|  |TAMS 0x0000000087d00000, 0x0000000087d00000| Untracked 
|  58|0x0000000087e00000, 0x0000000087e00000, 0x0000000087f00000|  0%| F|  |TAMS 0x0000000087e00000, 0x0000000087e00000| Untracked 
|  59|0x0000000087f00000, 0x0000000087f00000, 0x0000000088000000|  0%| F|  |TAMS 0x0000000087f00000, 0x0000000087f00000| Untracked 
|  60|0x0000000088000000, 0x0000000088000000, 0x0000000088100000|  0%| F|  |TAMS 0x0000000088000000, 0x0000000088000000| Untracked 
|  61|0x0000000088100000, 0x0000000088100000, 0x0000000088200000|  0%| F|  |TAMS 0x0000000088100000, 0x0000000088100000| Untracked 
|  62|0x0000000088200000, 0x0000000088200000, 0x0000000088300000|  0%| F|  |TAMS 0x0000000088200000, 0x0000000088200000| Untracked 
|  63|0x0000000088300000, 0x0000000088300000, 0x0000000088400000|  0%| F|  |TAMS 0x0000000088300000, 0x0000000088300000| Untracked 
|  64|0x0000000088400000, 0x0000000088400000, 0x0000000088500000|  0%| F|  |TAMS 0x0000000088400000, 0x0000000088400000| Untracked 
|  65|0x0000000088500000, 0x0000000088500000, 0x0000000088600000|  0%| F|  |TAMS 0x0000000088500000, 0x0000000088500000| Untracked 
|  66|0x0000000088600000, 0x0000000088600000, 0x0000000088700000|  0%| F|  |TAMS 0x0000000088600000, 0x0000000088600000| Untracked 
|  67|0x0000000088700000, 0x0000000088700000, 0x0000000088800000|  0%| F|  |TAMS 0x0000000088700000, 0x0000000088700000| Untracked 
|  68|0x0000000088800000, 0x0000000088800000, 0x0000000088900000|  0%| F|  |TAMS 0x0000000088800000, 0x0000000088800000| Untracked 
|  69|0x0000000088900000, 0x0000000088900000, 0x0000000088a00000|  0%| F|  |TAMS 0x0000000088900000, 0x0000000088900000| Untracked 
|  70|0x0000000088a00000, 0x0000000088a00000, 0x0000000088b00000|  0%| F|  |TAMS 0x0000000088a00000, 0x0000000088a00000| Untracked 
|  71|0x0000000088b00000, 0x0000000088b00000, 0x0000000088c00000|  0%| F|  |TAMS 0x0000000088b00000, 0x0000000088b00000| Untracked 
|  72|0x0000000088c00000, 0x0000000088c00000, 0x0000000088d00000|  0%| F|  |TAMS 0x0000000088c00000, 0x0000000088c00000| Untracked 
|  73|0x0000000088d00000, 0x0000000088d00000, 0x0000000088e00000|  0%| F|  |TAMS 0x0000000088d00000, 0x0000000088d00000| Untracked 
|  74|0x0000000088e00000, 0x0000000088e00000, 0x0000000088f00000|  0%| F|  |TAMS 0x0000000088e00000, 0x0000000088e00000| Untracked 
|  75|0x0000000088f00000, 0x0000000088f00000, 0x0000000089000000|  0%| F|  |TAMS 0x0000000088f00000, 0x0000000088f00000| Untracked 
|  76|0x0000000089000000, 0x0000000089000000, 0x0000000089100000|  0%| F|  |TAMS 0x0000000089000000, 0x0000000089000000| Untracked 
|  77|0x0000000089100000, 0x0000000089100000, 0x0000000089200000|  0%| F|  |TAMS 0x0000000089100000, 0x0000000089100000| Untracked 
|  78|0x0000000089200000, 0x0000000089200000, 0x0000000089300000|  0%| F|  |TAMS 0x0000000089200000, 0x0000000089200000| Untracked 
|  79|0x0000000089300000, 0x0000000089300000, 0x0000000089400000|  0%| F|  |TAMS 0x0000000089300000, 0x0000000089300000| Untracked 
|  80|0x0000000089400000, 0x0000000089400000, 0x0000000089500000|  0%| F|  |TAMS 0x0000000089400000, 0x0000000089400000| Untracked 
|  81|0x0000000089500000, 0x0000000089500000, 0x0000000089600000|  0%| F|  |TAMS 0x0000000089500000, 0x0000000089500000| Untracked 
|  82|0x0000000089600000, 0x0000000089600000, 0x0000000089700000|  0%| F|  |TAMS 0x0000000089600000, 0x0000000089600000| Untracked 
|  83|0x0000000089700000, 0x0000000089700000, 0x0000000089800000|  0%| F|  |TAMS 0x0000000089700000, 0x0000000089700000| Untracked 
|  84|0x0000000089800000, 0x0000000089800000, 0x0000000089900000|  0%| F|  |TAMS 0x0000000089800000, 0x0000000089800000| Untracked 
|  85|0x0000000089900000, 0x0000000089900000, 0x0000000089a00000|  0%| F|  |TAMS 0x0000000089900000, 0x0000000089900000| Untracked 
|  86|0x0000000089a00000, 0x0000000089a00000, 0x0000000089b00000|  0%| F|  |TAMS 0x0000000089a00000, 0x0000000089a00000| Untracked 
|  87|0x0000000089b00000, 0x0000000089b00000, 0x0000000089c00000|  0%| F|  |TAMS 0x0000000089b00000, 0x0000000089b00000| Untracked 
|  88|0x0000000089c00000, 0x0000000089c00000, 0x0000000089d00000|  0%| F|  |TAMS 0x0000000089c00000, 0x0000000089c00000| Untracked 
|  89|0x0000000089d00000, 0x0000000089d00000, 0x0000000089e00000|  0%| F|  |TAMS 0x0000000089d00000, 0x0000000089d00000| Untracked 
|  90|0x0000000089e00000, 0x0000000089e00000, 0x0000000089f00000|  0%| F|  |TAMS 0x0000000089e00000, 0x0000000089e00000| Untracked 
|  91|0x0000000089f00000, 0x0000000089f00000, 0x000000008a000000|  0%| F|  |TAMS 0x0000000089f00000, 0x0000000089f00000| Untracked 
|  92|0x000000008a000000, 0x000000008a000000, 0x000000008a100000|  0%| F|  |TAMS 0x000000008a000000, 0x000000008a000000| Untracked 
|  93|0x000000008a100000, 0x000000008a100000, 0x000000008a200000|  0%| F|  |TAMS 0x000000008a100000, 0x000000008a100000| Untracked 
|  94|0x000000008a200000, 0x000000008a200000, 0x000000008a300000|  0%| F|  |TAMS 0x000000008a200000, 0x000000008a200000| Untracked 
|  95|0x000000008a300000, 0x000000008a300000, 0x000000008a400000|  0%| F|  |TAMS 0x000000008a300000, 0x000000008a300000| Untracked 
|  96|0x000000008a400000, 0x000000008a400000, 0x000000008a500000|  0%| F|  |TAMS 0x000000008a400000, 0x000000008a400000| Untracked 
|  97|0x000000008a500000, 0x000000008a500000, 0x000000008a600000|  0%| F|  |TAMS 0x000000008a500000, 0x000000008a500000| Untracked 
|  98|0x000000008a600000, 0x000000008a600000, 0x000000008a700000|  0%| F|  |TAMS 0x000000008a600000, 0x000000008a600000| Untracked 
|  99|0x000000008a700000, 0x000000008a700000, 0x000000008a800000|  0%| F|  |TAMS 0x000000008a700000, 0x000000008a700000| Untracked 
| 100|0x000000008a800000, 0x000000008a800000, 0x000000008a900000|  0%| F|  |TAMS 0x000000008a800000, 0x000000008a800000| Untracked 
| 101|0x000000008a900000, 0x000000008a900000, 0x000000008aa00000|  0%| F|  |TAMS 0x000000008a900000, 0x000000008a900000| Untracked 
| 102|0x000000008aa00000, 0x000000008aa00000, 0x000000008ab00000|  0%| F|  |TAMS 0x000000008aa00000, 0x000000008aa00000| Untracked 
| 103|0x000000008ab00000, 0x000000008ab00000, 0x000000008ac00000|  0%| F|  |TAMS 0x000000008ab00000, 0x000000008ab00000| Untracked 
| 104|0x000000008ac00000, 0x000000008ac00000, 0x000000008ad00000|  0%| F|  |TAMS 0x000000008ac00000, 0x000000008ac00000| Untracked 
| 105|0x000000008ad00000, 0x000000008ad00000, 0x000000008ae00000|  0%| F|  |TAMS 0x000000008ad00000, 0x000000008ad00000| Untracked 
| 106|0x000000008ae00000, 0x000000008ae00000, 0x000000008af00000|  0%| F|  |TAMS 0x000000008ae00000, 0x000000008ae00000| Untracked 
| 107|0x000000008af00000, 0x000000008af00000, 0x000000008b000000|  0%| F|  |TAMS 0x000000008af00000, 0x000000008af00000| Untracked 
| 108|0x000000008b000000, 0x000000008b000000, 0x000000008b100000|  0%| F|  |TAMS 0x000000008b000000, 0x000000008b000000| Untracked 
| 109|0x000000008b100000, 0x000000008b100000, 0x000000008b200000|  0%| F|  |TAMS 0x000000008b100000, 0x000000008b100000| Untracked 
| 110|0x000000008b200000, 0x000000008b200000, 0x000000008b300000|  0%| F|  |TAMS 0x000000008b200000, 0x000000008b200000| Untracked 
| 111|0x000000008b300000, 0x000000008b300000, 0x000000008b400000|  0%| F|  |TAMS 0x000000008b300000, 0x000000008b300000| Untracked 
| 112|0x000000008b400000, 0x000000008b400000, 0x000000008b500000|  0%| F|  |TAMS 0x000000008b400000, 0x000000008b400000| Untracked 
| 113|0x000000008b500000, 0x000000008b500000, 0x000000008b600000|  0%| F|  |TAMS 0x000000008b500000, 0x000000008b500000| Untracked 
| 114|0x000000008b600000, 0x000000008b676440, 0x000000008b700000| 46%| E|  |TAMS 0x000000008b600000, 0x000000008b600000| Complete 
| 115|0x000000008b700000, 0x000000008b800000, 0x000000008b800000|100%| E|CS|TAMS 0x000000008b700000, 0x000000008b700000| Complete 
| 116|0x000000008b800000, 0x000000008b900000, 0x000000008b900000|100%| E|CS|TAMS 0x000000008b800000, 0x000000008b800000| Complete 
| 117|0x000000008b900000, 0x000000008ba00000, 0x000000008ba00000|100%| E|CS|TAMS 0x000000008b900000, 0x000000008b900000| Complete 
| 118|0x000000008ba00000, 0x000000008bb00000, 0x000000008bb00000|100%| E|  |TAMS 0x000000008ba00000, 0x000000008ba00000| Complete 
| 119|0x000000008bb00000, 0x000000008bc00000, 0x000000008bc00000|100%| E|CS|TAMS 0x000000008bb00000, 0x000000008bb00000| Complete 
| 120|0x000000008bc00000, 0x000000008bd00000, 0x000000008bd00000|100%| E|CS|TAMS 0x000000008bc00000, 0x000000008bc00000| Complete 
| 121|0x000000008bd00000, 0x000000008be00000, 0x000000008be00000|100%| E|CS|TAMS 0x000000008bd00000, 0x000000008bd00000| Complete 
| 122|0x000000008be00000, 0x000000008bf00000, 0x000000008bf00000|100%| E|CS|TAMS 0x000000008be00000, 0x000000008be00000| Complete 
| 123|0x000000008bf00000, 0x000000008c000000, 0x000000008c000000|100%| E|CS|TAMS 0x000000008bf00000, 0x000000008bf00000| Complete 

Card table byte_map: [0x000001cbf4330000,0x000001cbf4710000] _byte_map_base: 0x000001cbf3f0e000

Marking Bits (Prev, Next): (CMBitMap*) 0x000001cbe17a4210, (CMBitMap*) 0x000001cbe17a4250
 Prev Bits: [0x000001cbf4af0000, 0x000001cbf69e0000)
 Next Bits: [0x000001cbf69e0000, 0x000001cbf88d0000)

Polling page: 0x000001cbdf6f0000

Metaspace:

Usage:
  Non-class:      8.17 MB used.
      Class:    728.18 KB used.
       Both:      8.88 MB used.

Virtual space:
  Non-class space:       16.00 MB reserved,       8.19 MB ( 51%) committed,  2 nodes.
      Class space:        1.00 GB reserved,     832.00 KB ( <1%) committed,  1 nodes.
             Both:        1.02 GB reserved,       9.00 MB ( <1%) committed. 

Chunk freelists:
   Non-Class:  3.30 MB
       Class:  3.11 MB
        Both:  6.41 MB

MaxMetaspaceSize: unlimited
CompressedClassSpaceSize: 1.00 GB
Initial GC threshold: 21.00 MB
Current GC threshold: 21.00 MB
CDS: off
MetaspaceReclaimPolicy: balanced
 - commit_granule_bytes: 65536.
 - commit_granule_words: 8192.
 - virtual_space_node_default_size: 1048576.
 - enlarge_chunks_in_place: 1.
 - new_chunks_are_fully_committed: 0.
 - uncommit_free_chunks: 1.
 - use_allocation_guard: 0.
 - handle_deallocations: 1.


Internal statistics:

num_allocs_failed_limit: 0.
num_arena_births: 6.
num_arena_deaths: 0.
num_vsnodes_births: 3.
num_vsnodes_deaths: 0.
num_space_committed: 144.
num_space_uncommitted: 0.
num_chunks_returned_to_freelist: 0.
num_chunks_taken_from_freelist: 102.
num_chunk_merges: 0.
num_chunk_splits: 81.
num_chunks_enlarged: 75.
num_purges: 0.
num_inconsistent_stats: 0.

CodeHeap 'non-profiled nmethods': size=120000Kb used=91Kb max_used=91Kb free=119908Kb
 bounds [0x000001cbec6f0000, 0x000001cbec960000, 0x000001cbf3c20000]
CodeHeap 'profiled nmethods': size=120000Kb used=524Kb max_used=524Kb free=119475Kb
 bounds [0x000001cbe4c20000, 0x000001cbe4e90000, 0x000001cbec150000]
CodeHeap 'non-nmethods': size=5760Kb used=1135Kb max_used=1149Kb free=4624Kb
 bounds [0x000001cbec150000, 0x000001cbec3c0000, 0x000001cbec6f0000]
 total_blobs=742 nmethods=336 adapters=319
 compilation: enabled
              stopped_count=0, restarted_count=0
 full_count=0

Compilation events (20 events):
Event: 0.463 Thread 0x000001cbfbd31350  327       3       java.net.URL::toExternalForm (9 bytes)
Event: 0.464 Thread 0x000001cbfbd31350 nmethod 327 0x000001cbe4c9eb90 code [0x000001cbe4c9ed40, 0x000001cbe4c9ef08]
Event: 0.469 Thread 0x000001cbfbd31350  328       3       java.lang.StringBuilder::append (8 bytes)
Event: 0.469 Thread 0x000001cbfbd31350 nmethod 328 0x000001cbe4c9f010 code [0x000001cbe4c9f1a0, 0x000001cbe4c9f2e8]
Event: 0.469 Thread 0x000001cbfbd31350  329       3       java.lang.AbstractStringBuilder::append (55 bytes)
Event: 0.469 Thread 0x000001cbfbd31350 nmethod 329 0x000001cbe4c9f390 code [0x000001cbe4c9f560, 0x000001cbe4c9f898]
Event: 0.469 Thread 0x000001cbfbd31350  330       3       jdk.internal.loader.URLClassPath::getResource (74 bytes)
Event: 0.469 Thread 0x000001cbfbd31350 nmethod 330 0x000001cbe4c9fa10 code [0x000001cbe4c9fbe0, 0x000001cbe4c9ff38]
Event: 0.469 Thread 0x000001cbfbd31350  331       3       java.net.URL::<init> (8 bytes)
Event: 0.469 Thread 0x000001cbfbd31350 nmethod 331 0x000001cbe4ca0090 code [0x000001cbe4ca0240, 0x000001cbe4ca0388]
Event: 0.469 Thread 0x000001cbfbd31350  332   !   3       java.lang.ClassLoader::addClass (27 bytes)
Event: 0.470 Thread 0x000001cbfbd31350 nmethod 332 0x000001cbe4ca0410 code [0x000001cbe4ca05e0, 0x000001cbe4ca0b88]
Event: 0.470 Thread 0x000001cbfbd31350  333       3       java.security.SecureClassLoader$CodeSourceKey::equals (60 bytes)
Event: 0.470 Thread 0x000001cbfbd31350 nmethod 333 0x000001cbe4ca0e90 code [0x000001cbe4ca1080, 0x000001cbe4ca16d8]
Event: 0.470 Thread 0x000001cbfbd31350  334       3       java.security.CodeSource::matchCerts (254 bytes)
Event: 0.471 Thread 0x000001cbfbd31350 nmethod 334 0x000001cbe4ca1890 code [0x000001cbe4ca1b00, 0x000001cbe4ca2698]
Event: 0.471 Thread 0x000001cbfbd31350  335       3       java.util.zip.ZipFile$1::getMetaInfVersions (5 bytes)
Event: 0.471 Thread 0x000001cbfbd31350 nmethod 335 0x000001cbe4ca2a90 code [0x000001cbe4ca2c40, 0x000001cbe4ca2ec8]
Event: 0.474 Thread 0x000001cbfbd2e0f0  336       4       java.lang.CharacterDataLatin1::toLowerCase (39 bytes)
Event: 0.474 Thread 0x000001cbfbd2e0f0 nmethod 336 0x000001cbec706a10 code [0x000001cbec706b80, 0x000001cbec706c78]

GC Heap History (0 events):
No events

Dll operation events (1 events):
Event: 0.006 Loaded shared library C:\Program Files\Android\Android Studio\jbr\bin\java.dll

Deoptimization events (20 events):
Event: 0.184 Thread 0x000001cbe1747430 DEOPT PACKING pc=0x000001cbe4c34a8c sp=0x000000c53edfd6b0
Event: 0.184 Thread 0x000001cbe1747430 DEOPT UNPACKING pc=0x000001cbec1aace3 sp=0x000000c53edfcb40 mode 0
Event: 0.184 Thread 0x000001cbe1747430 DEOPT PACKING pc=0x000001cbe4c34a8c sp=0x000000c53edfd6b0
Event: 0.184 Thread 0x000001cbe1747430 DEOPT UNPACKING pc=0x000001cbec1aace3 sp=0x000000c53edfcb40 mode 0
Event: 0.184 Thread 0x000001cbe1747430 DEOPT PACKING pc=0x000001cbe4c34a8c sp=0x000000c53edfd6b0
Event: 0.184 Thread 0x000001cbe1747430 DEOPT UNPACKING pc=0x000001cbec1aace3 sp=0x000000c53edfcb40 mode 0
Event: 0.184 Thread 0x000001cbe1747430 DEOPT PACKING pc=0x000001cbe4c34a8c sp=0x000000c53edfd6b0
Event: 0.184 Thread 0x000001cbe1747430 DEOPT UNPACKING pc=0x000001cbec1aace3 sp=0x000000c53edfcb40 mode 0
Event: 0.184 Thread 0x000001cbe1747430 DEOPT PACKING pc=0x000001cbe4c34a8c sp=0x000000c53edfd6b0
Event: 0.184 Thread 0x000001cbe1747430 DEOPT UNPACKING pc=0x000001cbec1aace3 sp=0x000000c53edfcb40 mode 0
Event: 0.184 Thread 0x000001cbe1747430 DEOPT PACKING pc=0x000001cbe4c34a8c sp=0x000000c53edfd6b0
Event: 0.184 Thread 0x000001cbe1747430 DEOPT UNPACKING pc=0x000001cbec1aace3 sp=0x000000c53edfcb40 mode 0
Event: 0.258 Thread 0x000001cbe1747430 Uncommon trap: trap_request=0xffffff45 fr.pc=0x000001cbec6f4e68 relative=0x0000000000000688
Event: 0.258 Thread 0x000001cbe1747430 Uncommon trap: reason=unstable_if action=reinterpret pc=0x000001cbec6f4e68 method=java.util.zip.ZipFile$Source.checkAndAddEntry(II)I @ 50 c2
Event: 0.258 Thread 0x000001cbe1747430 DEOPT PACKING pc=0x000001cbec6f4e68 sp=0x000000c53edfe290
Event: 0.258 Thread 0x000001cbe1747430 DEOPT UNPACKING pc=0x000001cbec1aa1a3 sp=0x000000c53edfe208 mode 2
Event: 0.346 Thread 0x000001cbe1747430 DEOPT PACKING pc=0x000001cbe4c33167 sp=0x000000c53edfc4b0
Event: 0.346 Thread 0x000001cbe1747430 DEOPT UNPACKING pc=0x000001cbec1aace3 sp=0x000000c53edfb8d0 mode 0
Event: 0.391 Thread 0x000001cbe1747430 DEOPT PACKING pc=0x000001cbe4c324d1 sp=0x000000c53edfa500
Event: 0.391 Thread 0x000001cbe1747430 DEOPT UNPACKING pc=0x000001cbec1aace3 sp=0x000000c53edf9978 mode 0

Classes unloaded (0 events):
No events

Classes redefined (0 events):
No events

Internal exceptions (0 events):
No events

VM Operations (2 events):
Event: 0.198 Executing VM operation: HandshakeAllThreads
Event: 0.198 Executing VM operation: HandshakeAllThreads done

Events (20 events):
Event: 0.422 loading class java/util/regex/Pattern$Start
Event: 0.422 loading class java/util/regex/Pattern$Start done
Event: 0.422 loading class java/util/regex/Pattern$TreeInfo
Event: 0.422 loading class java/util/regex/Pattern$TreeInfo done
Event: 0.441 loading class java/lang/NoSuchFieldError
Event: 0.441 loading class java/lang/IncompatibleClassChangeError
Event: 0.441 loading class java/lang/IncompatibleClassChangeError done
Event: 0.441 loading class java/lang/NoSuchFieldError done
Event: 0.442 loading class java/util/concurrent/atomic/AtomicReferenceFieldUpdater
Event: 0.442 loading class java/util/concurrent/atomic/AtomicReferenceFieldUpdater done
Event: 0.442 loading class java/util/concurrent/atomic/AtomicReferenceFieldUpdater$AtomicReferenceFieldUpdaterImpl
Event: 0.443 loading class java/util/concurrent/atomic/AtomicReferenceFieldUpdater$AtomicReferenceFieldUpdaterImpl done
Event: 0.443 loading class java/util/concurrent/atomic/AtomicReferenceFieldUpdater$AtomicReferenceFieldUpdaterImpl$1
Event: 0.443 loading class java/util/concurrent/atomic/AtomicReferenceFieldUpdater$AtomicReferenceFieldUpdaterImpl$1 done
Event: 0.443 loading class sun/reflect/misc/ReflectUtil
Event: 0.444 loading class sun/reflect/misc/ReflectUtil done
Event: 0.456 loading class java/util/regex/Pattern$Begin
Event: 0.457 loading class java/util/regex/Pattern$Begin done
Event: 0.457 loading class java/util/regex/Pattern$First
Event: 0.457 loading class java/util/regex/Pattern$First done


Dynamic libraries:
0x00007ff6f1360000 - 0x00007ff6f136a000 	C:\Program Files\Android\Android Studio\jbr\bin\java.exe
0x00007ffb35d30000 - 0x00007ffb35f28000 	C:\Windows\SYSTEM32\ntdll.dll
0x00007ffb35c30000 - 0x00007ffb35ced000 	C:\Windows\System32\KERNEL32.DLL
0x00007ffb337a0000 - 0x00007ffb33a96000 	C:\Windows\System32\KERNELBASE.dll
0x00007ffb33b40000 - 0x00007ffb33c40000 	C:\Windows\System32\ucrtbase.dll
0x00007ffb205d0000 - 0x00007ffb205e7000 	C:\Program Files\Android\Android Studio\jbr\bin\jli.dll
0x00007ffb2fca0000 - 0x00007ffb2fcbb000 	C:\Program Files\Android\Android Studio\jbr\bin\VCRUNTIME140.dll
0x00007ffb35070000 - 0x00007ffb3520e000 	C:\Windows\System32\USER32.dll
0x00007ffb33b10000 - 0x00007ffb33b32000 	C:\Windows\System32\win32u.dll
0x00007ffb1bae0000 - 0x00007ffb1bd7a000 	C:\Windows\WinSxS\amd64_microsoft.windows.common-controls_6595b64144ccf1df_6.0.19041.1110_none_60b5254171f9507e\COMCTL32.dll
0x00007ffb34530000 - 0x00007ffb3455c000 	C:\Windows\System32\GDI32.dll
0x00007ffb345c0000 - 0x00007ffb3465e000 	C:\Windows\System32\msvcrt.dll
0x00007ffb33410000 - 0x00007ffb3352a000 	C:\Windows\System32\gdi32full.dll
0x00007ffb33cf0000 - 0x00007ffb33d8d000 	C:\Windows\System32\msvcp_win.dll
0x00007ffb33d90000 - 0x00007ffb33dc0000 	C:\Windows\System32\IMM32.DLL
0x00007ffb2fcd0000 - 0x00007ffb2fcdc000 	C:\Program Files\Android\Android Studio\jbr\bin\vcruntime140_1.dll
0x00007ffaf1d00000 - 0x00007ffaf1d8d000 	C:\Program Files\Android\Android Studio\jbr\bin\msvcp140.dll
0x00007ffad98b0000 - 0x00007ffada51e000 	C:\Program Files\Android\Android Studio\jbr\bin\server\jvm.dll
0x00007ffb34ee0000 - 0x00007ffb34f8e000 	C:\Windows\System32\ADVAPI32.dll
0x00007ffb33e30000 - 0x00007ffb33ecc000 	C:\Windows\System32\sechost.dll
0x00007ffb353b0000 - 0x00007ffb354d6000 	C:\Windows\System32\RPCRT4.dll
0x00007ffb274f0000 - 0x00007ffb27517000 	C:\Windows\SYSTEM32\WINMM.dll
0x00007ffb29ae0000 - 0x00007ffb29aea000 	C:\Windows\SYSTEM32\VERSION.dll
0x00007ffb05be0000 - 0x00007ffb05be9000 	C:\Windows\SYSTEM32\WSOCK32.dll
0x00007ffb35340000 - 0x00007ffb353ab000 	C:\Windows\System32\WS2_32.dll
0x00007ffb31c30000 - 0x00007ffb31c42000 	C:\Windows\SYSTEM32\kernel.appcore.dll
0x00007ffb2fcc0000 - 0x00007ffb2fcca000 	C:\Program Files\Android\Android Studio\jbr\bin\jimage.dll
0x00007ffb31040000 - 0x00007ffb31224000 	C:\Windows\SYSTEM32\DBGHELP.DLL
0x00007ffb06150000 - 0x00007ffb06184000 	C:\Windows\SYSTEM32\dbgcore.DLL
0x00007ffb33530000 - 0x00007ffb335b2000 	C:\Windows\System32\bcryptPrimitives.dll
0x00007ffb2c180000 - 0x00007ffb2c1a5000 	C:\Program Files\Android\Android Studio\jbr\bin\java.dll
0x00007ffb2c160000 - 0x00007ffb2c178000 	C:\Program Files\Android\Android Studio\jbr\bin\zip.dll
0x00007ffb354e0000 - 0x00007ffb35c25000 	C:\Windows\System32\SHELL32.dll
0x00007ffb31480000 - 0x00007ffb31c1b000 	C:\Windows\SYSTEM32\windows.storage.dll
0x00007ffb347c0000 - 0x00007ffb34b14000 	C:\Windows\System32\combase.dll
0x00007ffb32e50000 - 0x00007ffb32e7e000 	C:\Windows\SYSTEM32\Wldp.dll
0x00007ffb34e30000 - 0x00007ffb34edd000 	C:\Windows\System32\SHCORE.dll
0x00007ffb33dc0000 - 0x00007ffb33e15000 	C:\Windows\System32\shlwapi.dll
0x00007ffb33340000 - 0x00007ffb33365000 	C:\Windows\SYSTEM32\profapi.dll
0x00007ffb2a770000 - 0x00007ffb2a789000 	C:\Program Files\Android\Android Studio\jbr\bin\net.dll
0x00007ffb2aaf0000 - 0x00007ffb2abfa000 	C:\Windows\SYSTEM32\WINHTTP.dll
0x00007ffb32bb0000 - 0x00007ffb32c1a000 	C:\Windows\system32\mswsock.dll
0x00007ffb285a0000 - 0x00007ffb285b6000 	C:\Program Files\Android\Android Studio\jbr\bin\nio.dll

dbghelp: loaded successfully - version: 4.0.5 - missing functions: none
symbol engine: initialized successfully - sym options: 0x614 - pdb path: .;C:\Program Files\Android\Android Studio\jbr\bin;C:\Windows\SYSTEM32;C:\Windows\WinSxS\amd64_microsoft.windows.common-controls_6595b64144ccf1df_6.0.19041.1110_none_60b5254171f9507e;C:\Program Files\Android\Android Studio\jbr\bin\server

VM Arguments:
java_command: org.jetbrains.kotlin.cli.jvm.K2JVMCompiler @C:\pdm-projetos-github\ContatosPdm\app\build\20230919_4043368563785750332.compiler.options
java_class_path (initial): C:\Users\keilo\.gradle\caches\modules-2\files-2.1\org.jetbrains.kotlin\kotlin-compiler-embeddable\1.9.0\2c8c3a7402becca891f12739b3e9fd2dc2adbd7a\kotlin-compiler-embeddable-1.9.0.jar;C:\Users\keilo\.gradle\caches\modules-2\files-2.1\org.jetbrains.kotlin\kotlin-stdlib\1.9.0\8ee15ef0c67dc83d874f412d84378d7f0eb50b63\kotlin-stdlib-1.9.0.jar;C:\Users\keilo\.gradle\caches\modules-2\files-2.1\org.jetbrains.kotlin\kotlin-script-runtime\1.9.0\4b3102cbbb7e1b58d9d1adf89563f00069ffa7d1\kotlin-script-runtime-1.9.0.jar;C:\Users\keilo\.gradle\caches\modules-2\files-2.1\org.jetbrains.kotlin\kotlin-reflect\1.6.10\1cbe9c92c12a94eea200d23c2bbaedaf3daf5132\kotlin-reflect-1.6.10.jar;C:\Users\keilo\.gradle\caches\modules-2\files-2.1\org.jetbrains.kotlin\kotlin-daemon-embeddable\1.9.0\186543f5e28cf8d9a0290fecc2cf34301c40a65c\kotlin-daemon-embeddable-1.9.0.jar;C:\Users\keilo\.gradle\caches\modules-2\files-2.1\org.jetbrains.intellij.deps\trove4j\1.0.20200330\3afb14d5f9ceb459d724e907a21145e8ff394f02\trove4j-1.0.20200330.jar;C:\Users\keilo\.gradle\caches\modules-2\files-2.1\org.jetbrains.kotlin\kotlin-stdlib-common\1.9.0\cd65c21cfd1eec4d44ef09f9f52b6d9f8a720636\kotlin-stdlib-common-1.9.0.jar;C:\Users\keilo\.gradle\caches\modules-2\files-2.1\org.jetbrains\annotations\13.0\919f0dfe192fb4e063e7dacadee7f8bb9a2672a9\annotations-13.0.jar
Launcher Type: SUN_STANDARD

[Global flags]
     intx CICompilerCount                          = 4                                         ***REMOVED***product***REMOVED*** ***REMOVED***ergonomic***REMOVED***
     uint ConcGCThreads                            = 2                                         ***REMOVED***product***REMOVED*** ***REMOVED***ergonomic***REMOVED***
     uint G1ConcRefinementThreads                  = 8                                         ***REMOVED***product***REMOVED*** ***REMOVED***ergonomic***REMOVED***
   size_t G1HeapRegionSize                         = 1048576                                   ***REMOVED***product***REMOVED*** ***REMOVED***ergonomic***REMOVED***
    uintx GCDrainStackTargetSize                   = 64                                        ***REMOVED***product***REMOVED*** ***REMOVED***ergonomic***REMOVED***
   size_t InitialHeapSize                          = 130023424                                 ***REMOVED***product***REMOVED*** ***REMOVED***ergonomic***REMOVED***
   size_t MarkStackSize                            = 4194304                                   ***REMOVED***product***REMOVED*** ***REMOVED***ergonomic***REMOVED***
   size_t MaxHeapSize                              = 2076180480                                ***REMOVED***product***REMOVED*** ***REMOVED***ergonomic***REMOVED***
   size_t MaxNewSize                               = 1245708288                                ***REMOVED***product***REMOVED*** ***REMOVED***ergonomic***REMOVED***
   size_t MinHeapDeltaBytes                        = 1048576                                   ***REMOVED***product***REMOVED*** ***REMOVED***ergonomic***REMOVED***
   size_t MinHeapSize                              = 8388608                                   ***REMOVED***product***REMOVED*** ***REMOVED***ergonomic***REMOVED***
    uintx NonNMethodCodeHeapSize                   = 5839372                                ***REMOVED***pd product***REMOVED*** ***REMOVED***ergonomic***REMOVED***
    uintx NonProfiledCodeHeapSize                  = 122909434                              ***REMOVED***pd product***REMOVED*** ***REMOVED***ergonomic***REMOVED***
    uintx ProfiledCodeHeapSize                     = 122909434                              ***REMOVED***pd product***REMOVED*** ***REMOVED***ergonomic***REMOVED***
    uintx ReservedCodeCacheSize                    = 251658240                              ***REMOVED***pd product***REMOVED*** ***REMOVED***ergonomic***REMOVED***
     bool SegmentedCodeCache                       = true                                      ***REMOVED***product***REMOVED*** ***REMOVED***ergonomic***REMOVED***
   size_t SoftMaxHeapSize                          = 2076180480                             ***REMOVED***manageable***REMOVED*** ***REMOVED***ergonomic***REMOVED***
     bool UseCompressedClassPointers               = true                           ***REMOVED***product lp64_product***REMOVED*** ***REMOVED***ergonomic***REMOVED***
     bool UseCompressedOops                        = true                           ***REMOVED***product lp64_product***REMOVED*** ***REMOVED***ergonomic***REMOVED***
     bool UseG1GC                                  = true                                      ***REMOVED***product***REMOVED*** ***REMOVED***ergonomic***REMOVED***
     bool UseLargePagesIndividualAllocation        = false                                  ***REMOVED***pd product***REMOVED*** ***REMOVED***ergonomic***REMOVED***

Logging:
Log output configuration:
 #0: stdout all=warning uptime,level,tags
 #1: stderr all=off uptime,level,tags

Environment Variables:
PATH=C:\Windows\system32;C:\Windows;C:\Windows\System32\Wbem;C:\Windows\System32\WindowsPowerShell\v1.0\;C:\Windows\System32\OpenSSH\;C:\Program Files\dotnet\;C:\Program Files\Git\cmd;C:\Users\keilo\AppData\Local\Microsoft\WindowsApps;C:\Users\keilo\AppData\Local\GitHubDesktop\bin;C:\Users\keilo\AppData\Local\Programs\Microsoft VS Code\bin
USERNAME=keilo
OS=Windows_NT
PROCESSOR_IDENTIFIER=Intel64 Family 6 Model 140 Stepping 1, GenuineIntel
TMP=C:\Users\keilo\AppData\Local\Temp
TEMP=C:\Users\keilo\AppData\Local\Temp


JNI global refs:
JNI global refs: 8, weak refs: 0

JNI global refs memory usage: 843, weak refs: 841


---------------  S Y S T E M  ---------------

OS:
 Windows 10 , 64 bit Build 19041 (10.0.19041.3393)
OS uptime: 0 days 3:31 hours

CPU: total 8 (initial active 8) (4 cores per cpu, 2 threads per core) family 6 model 140 stepping 1 microcode 0x8a, cx8, cmov, fxsr, ht, mmx, 3dnowpref, sse, sse2, sse3, ssse3, sse4.1, sse4.2, popcnt, lzcnt, tsc, tscinvbit, avx, avx2, aes, erms, clmul, bmi1, bmi2, adx, avx512f, avx512dq, avx512cd, avx512bw, avx512vl, sha, fma, vzeroupper, avx512_vpopcntdq, avx512_vpclmulqdq, avx512_vaes, avx512_vnni, clflush, clflushopt, clwb, avx512_vbmi2, avx512_vbmi

Memory: 4k page, system-wide physical 7915M (73M free)
TotalPageFile size 15830M (AvailPageFile size 10M)
current process WorkingSet (physical memory assigned to process): 51M, peak: 51M
current process commit charge ("private bytes"): 206M, peak: 206M

vm_info: OpenJDK 64-Bit Server VM (17.0.6+0-b2043.56-10027231) for windows-amd64 JRE (17.0.6+0-b2043.56-10027231), built on Apr 28 2023 00:43:19 by "androidbuild" with MS VC++ 16.10 / 16.11 (VS2019)

END.
