#
# There is insufficient memory for the Java Runtime Environment to continue.
# Native memory allocation (malloc) failed to allocate 1996176 bytes for Chunk::new
# Possible reasons:
#   The system is out of physical RAM or swap space
#   The process is running with CompressedOops enabled, and the Java Heap may be blocking the growth of the native heap
# Possible solutions:
#   Reduce memory load on the system
#   Increase physical memory or swap space
#   Check if swap backing store is full
#   Decrease Java heap size (-Xmx/-Xms)
#   Decrease number of Java threads
#   Decrease Java thread stack sizes (-Xss)
#   Set larger code cache with -XX:ReservedCodeCacheSize=
#   JVM is running with Unscaled Compressed Oops mode in which the Java heap is
#     placed in the first 4GB address space. The Java Heap base address is the
#     maximum limit for the native heap growth. Please use -XX:HeapBaseMinAddress
#     to set the Java Heap base and to place the Java Heap above 4GB virtual address.
# This output file may be truncated or incomplete.
#
#  Out of Memory Error (arena.cpp:189), pid=11324, tid=12272
#
# JRE version: OpenJDK Runtime Environment (17.0.6) (build 17.0.6+0-b2043.56-10027231)
# Java VM: OpenJDK 64-Bit Server VM (17.0.6+0-b2043.56-10027231, mixed mode, tiered, compressed oops, compressed class ptrs, g1 gc, windows-amd64)
# No core dump will be written. Minidumps are not enabled by default on client versions of Windows
#

---------------  S U M M A R Y ------------

Command Line: org.jetbrains.kotlin.cli.jvm.K2JVMCompiler @C:\pdm-projetos-github\ContatosPdm\app\build\20230919_13776228327118080952.compiler.options

Host: 11th Gen Intel(R) Core(TM) i5-1135G7 @ 2.40GHz, 8 cores, 7G,  Windows 10 , 64 bit Build 19041 (10.0.19041.3393)
Time: Tue Sep 19 21:19:23 2023 E. South America Standard Time elapsed time: 8.761257 seconds (0d 0h 0m 8s)

---------------  T H R E A D  ---------------

Current thread (0x0000028e7f430cd0):  JavaThread "C2 CompilerThread0" daemon [_thread_in_native, id=12272, stack(0x000000c684e00000,0x000000c684f00000)]


Current CompileTask:
C2:   8761 3268       4       org.jetbrains.org.objectweb.asm.ClassReader::readMethod (1061 bytes)

Stack: [0x000000c684e00000,0x000000c684f00000]
Native frames: (J=compiled Java code, j=interpreted, Vv=VM code, C=native code)
V  [jvm.dll+0x683c9a]
V  [jvm.dll+0x8427a4]
V  [jvm.dll+0x843f9e]
V  [jvm.dll+0x844603]
V  [jvm.dll+0x249b75]
V  [jvm.dll+0xabcac]
V  [jvm.dll+0xac27c]
V  [jvm.dll+0x368802]
V  [jvm.dll+0x332f31]
V  [jvm.dll+0x3323da]
V  [jvm.dll+0x21c201]
V  [jvm.dll+0x21b621]
V  [jvm.dll+0x1a4fdd]
V  [jvm.dll+0x22b098]
V  [jvm.dll+0x229159]
V  [jvm.dll+0x7f81ec]
V  [jvm.dll+0x7f274a]
V  [jvm.dll+0x682ad5]
C  [ucrtbase.dll+0x21bb2]
C  [KERNEL32.DLL+0x17344]
C  [ntdll.dll+0x526b1]


---------------  P R O C E S S  ---------------

Threads class SMR info:
_java_thread_list=0x0000028e7f6f1f20, length=12, elements=***REMOVED***
0x0000028e75f180a0, 0x0000028e7eb15610, 0x0000028e7eae2c60, 0x0000028e7f42c690,
0x0000028e7f42cf50, 0x0000028e7f42f820, 0x0000028e7f4300e0, 0x0000028e7f430cd0,
0x0000028e7f431e20, 0x0000028e7f434340, 0x0000028e7f59c400, 0x0000028e7f597600
***REMOVED***

Java Threads: ( => current thread )
  0x0000028e75f180a0 JavaThread "main" [_thread_in_native, id=652, stack(0x000000c684100000,0x000000c684200000)]
  0x0000028e7eb15610 JavaThread "Reference Handler" daemon [_thread_blocked, id=4148, stack(0x000000c684800000,0x000000c684900000)]
  0x0000028e7eae2c60 JavaThread "Finalizer" daemon [_thread_blocked, id=13820, stack(0x000000c684900000,0x000000c684a00000)]
  0x0000028e7f42c690 JavaThread "Signal Dispatcher" daemon [_thread_blocked, id=8300, stack(0x000000c684a00000,0x000000c684b00000)]
  0x0000028e7f42cf50 JavaThread "Attach Listener" daemon [_thread_blocked, id=1636, stack(0x000000c684b00000,0x000000c684c00000)]
  0x0000028e7f42f820 JavaThread "Service Thread" daemon [_thread_blocked, id=8088, stack(0x000000c684c00000,0x000000c684d00000)]
  0x0000028e7f4300e0 JavaThread "Monitor Deflation Thread" daemon [_thread_blocked, id=9344, stack(0x000000c684d00000,0x000000c684e00000)]
=>0x0000028e7f430cd0 JavaThread "C2 CompilerThread0" daemon [_thread_in_native, id=12272, stack(0x000000c684e00000,0x000000c684f00000)]
  0x0000028e7f431e20 JavaThread "C1 CompilerThread0" daemon [_thread_blocked, id=11660, stack(0x000000c684f00000,0x000000c685000000)]
  0x0000028e7f434340 JavaThread "Sweeper thread" daemon [_thread_blocked, id=12632, stack(0x000000c685000000,0x000000c685100000)]
  0x0000028e7f59c400 JavaThread "Notification Thread" daemon [_thread_blocked, id=9988, stack(0x000000c685100000,0x000000c685200000)]
  0x0000028e7f597600 JavaThread "Common-Cleaner" daemon [_thread_blocked, id=8244, stack(0x000000c685300000,0x000000c685400000)]

Other Threads:
  0x0000028e7eadae30 VMThread "VM Thread" [stack: 0x000000c684700000,0x000000c684800000] [id=9792]
  0x0000028e75f8d970 WatcherThread [stack: 0x000000c685200000,0x000000c685300000] [id=9872]
  0x0000028e75f73640 GCTaskThread "GC Thread#0" [stack: 0x000000c684200000,0x000000c684300000] [id=1660]
  0x0000028e1138fa50 GCTaskThread "GC Thread#1" [stack: 0x000000c685500000,0x000000c685600000] [id=7764]
  0x0000028e113b7bb0 GCTaskThread "GC Thread#2" [stack: 0x000000c685600000,0x000000c685700000] [id=6948]
  0x0000028e113b7e60 GCTaskThread "GC Thread#3" [stack: 0x000000c685700000,0x000000c685800000] [id=3248]
  0x0000028e113b8930 GCTaskThread "GC Thread#4" [stack: 0x000000c685800000,0x000000c685900000] [id=2004]
  0x0000028e115d3020 GCTaskThread "GC Thread#5" [stack: 0x000000c685400000,0x000000c685500000] [id=13228]
  0x0000028e115d2000 GCTaskThread "GC Thread#6" [stack: 0x000000c685900000,0x000000c685a00000] [id=13808]
  0x0000028e115d2d70 GCTaskThread "GC Thread#7" [stack: 0x000000c685a00000,0x000000c685b00000] [id=3092]
  0x0000028e75f85520 ConcurrentGCThread "G1 Main Marker" [stack: 0x000000c684300000,0x000000c684400000] [id=7964]
  0x0000028e75f85f30 ConcurrentGCThread "G1 Conc#0" [stack: 0x000000c684400000,0x000000c684500000] [id=13800]
  0x0000028e115d32d0 ConcurrentGCThread "G1 Conc#1" [stack: 0x000000c685b00000,0x000000c685c00000] [id=2948]
  0x0000028e75fee2c0 ConcurrentGCThread "G1 Refine#0" [stack: 0x000000c684500000,0x000000c684600000] [id=2332]
  0x0000028e75feeaf0 ConcurrentGCThread "G1 Service" [stack: 0x000000c684600000,0x000000c684700000] [id=10248]

Threads with active compile tasks:
C2 CompilerThread0     8986 3268       4       org.jetbrains.org.objectweb.asm.ClassReader::readMethod (1061 bytes)

VM state: not at safepoint (normal execution)

VM Mutex/Monitor currently owned by a thread: None

Heap address: 0x0000000084400000, size: 1980 MB, Compressed Oops mode: 32-bit

CDS archive(s) not mapped
Compressed class space mapped at: 0x0000000100000000-0x0000000140000000, reserved size: 1073741824
Narrow klass base: 0x0000000000000000, Narrow klass shift: 3, Narrow klass range: 0x140000000

GC Precious Log:
 CPUs: 8 total, 8 available
 Memory: 7915M
 Large Page Support: Disabled
 NUMA Support: Disabled
 Compressed Oops: Enabled (32-bit)
 Heap Region Size: 1M
 Heap Min Capacity: 8M
 Heap Initial Capacity: 124M
 Heap Max Capacity: 1980M
 Pre-touch: Disabled
 Parallel Workers: 8
 Concurrent Workers: 2
 Concurrent Refinement Workers: 8
 Periodic GC: Disabled

Heap:
 garbage-first heap   total 64512K, used 32661K [0x0000000084400000, 0x0000000100000000)
  region size 1024K, 10 young (10240K), 3 survivors (3072K)
 Metaspace       used 47541K, committed 47744K, reserved 1097728K
  class space    used 5809K, committed 5888K, reserved 1048576K

Heap Regions: E=young(eden), S=young(survivor), O=old, HS=humongous(starts), HC=humongous(continues), CS=collection set, F=free, OA=open archive, CA=closed archive, TAMS=top-at-mark-start (previous, next)
|   0|0x0000000084400000, 0x0000000084500000, 0x0000000084500000|100%|HS|  |TAMS 0x0000000084500000, 0x0000000084400000| Complete 
|   1|0x0000000084500000, 0x0000000084600000, 0x0000000084600000|100%|HC|  |TAMS 0x0000000084600000, 0x0000000084500000| Complete 
|   2|0x0000000084600000, 0x0000000084700000, 0x0000000084700000|100%|HC|  |TAMS 0x0000000084700000, 0x0000000084600000| Complete 
|   3|0x0000000084700000, 0x0000000084800000, 0x0000000084800000|100%|HC|  |TAMS 0x0000000084800000, 0x0000000084700000| Complete 
|   4|0x0000000084800000, 0x0000000084900000, 0x0000000084900000|100%| O|  |TAMS 0x0000000084900000, 0x0000000084800000| Untracked 
|   5|0x0000000084900000, 0x0000000084a00000, 0x0000000084a00000|100%| O|  |TAMS 0x0000000084a00000, 0x0000000084900000| Untracked 
|   6|0x0000000084a00000, 0x0000000084b00000, 0x0000000084b00000|100%| O|  |TAMS 0x0000000084b00000, 0x0000000084a00000| Untracked 
|   7|0x0000000084b00000, 0x0000000084c00000, 0x0000000084c00000|100%| O|  |TAMS 0x0000000084c00000, 0x0000000084b00000| Untracked 
|   8|0x0000000084c00000, 0x0000000084d00000, 0x0000000084d00000|100%| O|  |TAMS 0x0000000084d00000, 0x0000000084c00000| Untracked 
|   9|0x0000000084d00000, 0x0000000084d00000, 0x0000000084e00000|  0%| F|  |TAMS 0x0000000084d00000, 0x0000000084d00000| Untracked 
|  10|0x0000000084e00000, 0x0000000084f00000, 0x0000000084f00000|100%| O|  |TAMS 0x0000000084f00000, 0x0000000084e00000| Untracked 
|  11|0x0000000084f00000, 0x0000000085000000, 0x0000000085000000|100%| O|  |TAMS 0x0000000085000000, 0x0000000084f00000| Untracked 
|  12|0x0000000085000000, 0x0000000085100000, 0x0000000085100000|100%| O|  |TAMS 0x0000000085000000, 0x0000000085000000| Untracked 
|  13|0x0000000085100000, 0x0000000085200000, 0x0000000085200000|100%| O|  |TAMS 0x0000000085100000, 0x0000000085100000| Untracked 
|  14|0x0000000085200000, 0x0000000085300000, 0x0000000085300000|100%| O|  |TAMS 0x0000000085300000, 0x0000000085200000| Untracked 
|  15|0x0000000085300000, 0x0000000085400000, 0x0000000085400000|100%| O|  |TAMS 0x0000000085400000, 0x0000000085300000| Untracked 
|  16|0x0000000085400000, 0x0000000085500000, 0x0000000085500000|100%| O|  |TAMS 0x00000000854e8c00, 0x0000000085400000| Untracked 
|  17|0x0000000085500000, 0x0000000085600000, 0x0000000085600000|100%| O|  |TAMS 0x0000000085500000, 0x0000000085500000| Untracked 
|  18|0x0000000085600000, 0x0000000085700000, 0x0000000085700000|100%| O|  |TAMS 0x0000000085600000, 0x0000000085600000| Untracked 
|  19|0x0000000085700000, 0x0000000085800000, 0x0000000085800000|100%|HS|  |TAMS 0x0000000085700000, 0x0000000085700000| Complete 
|  20|0x0000000085800000, 0x0000000085900000, 0x0000000085900000|100%|HC|  |TAMS 0x0000000085800000, 0x0000000085800000| Complete 
|  21|0x0000000085900000, 0x0000000085a00000, 0x0000000085a00000|100%| O|  |TAMS 0x0000000085900000, 0x0000000085900000| Untracked 
|  22|0x0000000085a00000, 0x0000000085b00000, 0x0000000085b00000|100%| O|  |TAMS 0x0000000085a00000, 0x0000000085a00000| Untracked 
|  23|0x0000000085b00000, 0x0000000085c00000, 0x0000000085c00000|100%| O|  |TAMS 0x0000000085b00000, 0x0000000085b00000| Untracked 
|  24|0x0000000085c00000, 0x0000000085c4ec00, 0x0000000085d00000| 30%| O|  |TAMS 0x0000000085c00000, 0x0000000085c00000| Untracked 
|  25|0x0000000085d00000, 0x0000000085d00000, 0x0000000085e00000|  0%| F|  |TAMS 0x0000000085d00000, 0x0000000085d00000| Untracked 
|  26|0x0000000085e00000, 0x0000000085e00000, 0x0000000085f00000|  0%| F|  |TAMS 0x0000000085e00000, 0x0000000085e00000| Untracked 
|  27|0x0000000085f00000, 0x0000000085f00000, 0x0000000086000000|  0%| F|  |TAMS 0x0000000085f00000, 0x0000000085f00000| Untracked 
|  28|0x0000000086000000, 0x0000000086000000, 0x0000000086100000|  0%| F|  |TAMS 0x0000000086000000, 0x0000000086000000| Untracked 
|  29|0x0000000086100000, 0x0000000086100000, 0x0000000086200000|  0%| F|  |TAMS 0x0000000086100000, 0x0000000086100000| Untracked 
|  30|0x0000000086200000, 0x0000000086200000, 0x0000000086300000|  0%| F|  |TAMS 0x0000000086200000, 0x0000000086200000| Untracked 
|  31|0x0000000086300000, 0x0000000086300000, 0x0000000086400000|  0%| F|  |TAMS 0x0000000086300000, 0x0000000086300000| Untracked 
|  32|0x0000000086400000, 0x0000000086400000, 0x0000000086500000|  0%| F|  |TAMS 0x0000000086400000, 0x0000000086400000| Untracked 
|  33|0x0000000086500000, 0x0000000086500000, 0x0000000086600000|  0%| F|  |TAMS 0x0000000086500000, 0x0000000086500000| Untracked 
|  34|0x0000000086600000, 0x0000000086600000, 0x0000000086700000|  0%| F|  |TAMS 0x0000000086600000, 0x0000000086600000| Untracked 
|  35|0x0000000086700000, 0x0000000086700000, 0x0000000086800000|  0%| F|  |TAMS 0x0000000086700000, 0x0000000086700000| Untracked 
|  36|0x0000000086800000, 0x0000000086800000, 0x0000000086900000|  0%| F|  |TAMS 0x0000000086800000, 0x0000000086800000| Untracked 
|  37|0x0000000086900000, 0x0000000086996ab0, 0x0000000086a00000| 58%| S|CS|TAMS 0x0000000086900000, 0x0000000086900000| Complete 
|  38|0x0000000086a00000, 0x0000000086b00000, 0x0000000086b00000|100%| S|CS|TAMS 0x0000000086a00000, 0x0000000086a00000| Complete 
|  39|0x0000000086b00000, 0x0000000086c00000, 0x0000000086c00000|100%| S|CS|TAMS 0x0000000086b00000, 0x0000000086b00000| Complete 
|  40|0x0000000086c00000, 0x0000000086c00000, 0x0000000086d00000|  0%| F|  |TAMS 0x0000000086c00000, 0x0000000086c00000| Untracked 
|  41|0x0000000086d00000, 0x0000000086d00000, 0x0000000086e00000|  0%| F|  |TAMS 0x0000000086d00000, 0x0000000086d00000| Untracked 
|  42|0x0000000086e00000, 0x0000000086e00000, 0x0000000086f00000|  0%| F|  |TAMS 0x0000000086e00000, 0x0000000086e00000| Untracked 
|  43|0x0000000086f00000, 0x0000000086f00000, 0x0000000087000000|  0%| F|  |TAMS 0x0000000086f00000, 0x0000000086f00000| Untracked 
|  44|0x0000000087000000, 0x0000000087000000, 0x0000000087100000|  0%| F|  |TAMS 0x0000000087000000, 0x0000000087000000| Untracked 
|  45|0x0000000087100000, 0x0000000087100000, 0x0000000087200000|  0%| F|  |TAMS 0x0000000087100000, 0x0000000087100000| Untracked 
|  46|0x0000000087200000, 0x0000000087200000, 0x0000000087300000|  0%| F|  |TAMS 0x0000000087200000, 0x0000000087200000| Untracked 
|  47|0x0000000087300000, 0x0000000087300000, 0x0000000087400000|  0%| F|  |TAMS 0x0000000087300000, 0x0000000087300000| Untracked 
|  48|0x0000000087400000, 0x0000000087400000, 0x0000000087500000|  0%| F|  |TAMS 0x0000000087400000, 0x0000000087400000| Untracked 
|  49|0x0000000087500000, 0x0000000087500000, 0x0000000087600000|  0%| F|  |TAMS 0x0000000087500000, 0x0000000087500000| Untracked 
|  50|0x0000000087600000, 0x0000000087600000, 0x0000000087700000|  0%| F|  |TAMS 0x0000000087600000, 0x0000000087600000| Untracked 
|  51|0x0000000087700000, 0x0000000087700000, 0x0000000087800000|  0%| F|  |TAMS 0x0000000087700000, 0x0000000087700000| Untracked 
|  52|0x0000000087800000, 0x0000000087800000, 0x0000000087900000|  0%| F|  |TAMS 0x0000000087800000, 0x0000000087800000| Untracked 
|  53|0x0000000087900000, 0x0000000087900000, 0x0000000087a00000|  0%| F|  |TAMS 0x0000000087900000, 0x0000000087900000| Untracked 
|  54|0x0000000087a00000, 0x0000000087a00000, 0x0000000087b00000|  0%| F|  |TAMS 0x0000000087a00000, 0x0000000087a00000| Untracked 
|  55|0x0000000087b00000, 0x0000000087b00000, 0x0000000087c00000|  0%| F|  |TAMS 0x0000000087b00000, 0x0000000087b00000| Untracked 
|  56|0x0000000087c00000, 0x0000000087d00000, 0x0000000087d00000|100%| E|  |TAMS 0x0000000087c00000, 0x0000000087c00000| Complete 
|  57|0x0000000087d00000, 0x0000000087e00000, 0x0000000087e00000|100%| E|CS|TAMS 0x0000000087d00000, 0x0000000087d00000| Complete 
|  85|0x0000000089900000, 0x0000000089a00000, 0x0000000089a00000|100%| E|CS|TAMS 0x0000000089900000, 0x0000000089900000| Complete 
|  86|0x0000000089a00000, 0x0000000089b00000, 0x0000000089b00000|100%| E|CS|TAMS 0x0000000089a00000, 0x0000000089a00000| Complete 
|  87|0x0000000089b00000, 0x0000000089c00000, 0x0000000089c00000|100%| E|CS|TAMS 0x0000000089b00000, 0x0000000089b00000| Complete 
|  88|0x0000000089c00000, 0x0000000089d00000, 0x0000000089d00000|100%| E|CS|TAMS 0x0000000089c00000, 0x0000000089c00000| Complete 
| 123|0x000000008bf00000, 0x000000008c000000, 0x000000008c000000|100%| E|CS|TAMS 0x000000008bf00000, 0x000000008bf00000| Complete 

Card table byte_map: [0x0000028e79b00000,0x0000028e79ee0000] _byte_map_base: 0x0000028e796de000

Marking Bits (Prev, Next): (CMBitMap*) 0x0000028e75f74c60, (CMBitMap*) 0x0000028e75f74ca0
 Prev Bits: [0x0000028e7a2c0000, 0x0000028e7c1b0000)
 Next Bits: [0x0000028e7c1b0000, 0x0000028e7e0a0000)

Polling page: 0x0000028e73f20000

Metaspace:

Usage:
  Non-class:     40.75 MB used.
      Class:      5.67 MB used.
       Both:     46.43 MB used.

Virtual space:
  Non-class space:       48.00 MB reserved,      40.88 MB ( 85%) committed,  6 nodes.
      Class space:        1.00 GB reserved,       5.75 MB ( <1%) committed,  1 nodes.
             Both:        1.05 GB reserved,      46.62 MB (  4%) committed. 

Chunk freelists:
   Non-Class:  3.14 MB
       Class:  2.20 MB
        Both:  5.34 MB

MaxMetaspaceSize: unlimited
CompressedClassSpaceSize: 1.00 GB
Initial GC threshold: 21.00 MB
Current GC threshold: 58.75 MB
CDS: off
MetaspaceReclaimPolicy: balanced
 - commit_granule_bytes: 65536.
 - commit_granule_words: 8192.
 - virtual_space_node_default_size: 1048576.
 - enlarge_chunks_in_place: 1.
 - new_chunks_are_fully_committed: 0.
 - uncommit_free_chunks: 1.
 - use_allocation_guard: 0.
 - handle_deallocations: 1.


Internal statistics:

num_allocs_failed_limit: 6.
num_arena_births: 172.
num_arena_deaths: 0.
num_vsnodes_births: 7.
num_vsnodes_deaths: 0.
num_space_committed: 745.
num_space_uncommitted: 0.
num_chunks_returned_to_freelist: 6.
num_chunks_taken_from_freelist: 1528.
num_chunk_merges: 6.
num_chunk_splits: 1289.
num_chunks_enlarged: 1164.
num_purges: 0.
num_inconsistent_stats: 0.

CodeHeap 'non-profiled nmethods': size=120000Kb used=1489Kb max_used=1489Kb free=118510Kb
 bounds [0x0000028e07ad0000, 0x0000028e07d40000, 0x0000028e0f000000]
CodeHeap 'profiled nmethods': size=120000Kb used=6924Kb max_used=6924Kb free=113075Kb
 bounds [0x0000028e00000000, 0x0000028e006d0000, 0x0000028e07530000]
CodeHeap 'non-nmethods': size=5760Kb used=1273Kb max_used=1313Kb free=4486Kb
 bounds [0x0000028e07530000, 0x0000028e077a0000, 0x0000028e07ad0000]
 total_blobs=3951 nmethods=3377 adapters=486
 compilation: enabled
              stopped_count=0, restarted_count=0
 full_count=0

Compilation events (20 events):
Event: 8.713 Thread 0x0000028e7f431e20 3387       2       org.jetbrains.kotlin.protobuf.GeneratedMessageLite$ExtensionDescriptor::compareTo (9 bytes)
Event: 8.714 Thread 0x0000028e7f431e20 nmethod 3387 0x0000028e006b8310 code [0x0000028e006b84a0, 0x0000028e006b85f8]
Event: 8.714 Thread 0x0000028e7f431e20 3388       2       org.jetbrains.kotlin.protobuf.GeneratedMessageLite$ExtensionDescriptor::compareTo (10 bytes)
Event: 8.714 Thread 0x0000028e7f431e20 nmethod 3388 0x0000028e006b8710 code [0x0000028e006b88a0, 0x0000028e006b89b8]
Event: 8.715 Thread 0x0000028e7f431e20 3389       1       org.jetbrains.kotlin.load.java.lazy.JavaResolverComponents::getDeserializedDescriptorResolver (5 bytes)
Event: 8.716 Thread 0x0000028e7f431e20 nmethod 3389 0x0000028e07c43110 code [0x0000028e07c432a0, 0x0000028e07c43378]
Event: 8.716 Thread 0x0000028e7f431e20 3390       1       org.jetbrains.kotlin.serialization.deserialization.DeserializationConfiguration::getBinaryVersion (2 bytes)
Event: 8.716 Thread 0x0000028e7f431e20 nmethod 3390 0x0000028e07c43410 code [0x0000028e07c435a0, 0x0000028e07c43678]
Event: 8.738 Thread 0x0000028e7f431e20 3391       2       org.jetbrains.kotlin.metadata.deserialization.TypeTable::<init> (210 bytes)
Event: 8.740 Thread 0x0000028e7f431e20 nmethod 3391 0x0000028e006b8a90 code [0x0000028e006b8da0, 0x0000028e006b98e8]
Event: 8.740 Thread 0x0000028e7f431e20 3393       2       org.jetbrains.kotlin.serialization.deserialization.TypeDeserializer::<init> (230 bytes)
Event: 8.743 Thread 0x0000028e7f431e20 nmethod 3393 0x0000028e006ba190 code [0x0000028e006ba500, 0x0000028e006bb518]
Event: 8.743 Thread 0x0000028e7f431e20 3392       2       org.jetbrains.kotlin.metadata.ProtoBuf$TypeTable::hasFirstNullable (16 bytes)
Event: 8.743 Thread 0x0000028e7f431e20 nmethod 3392 0x0000028e006bbe10 code [0x0000028e006bbfa0, 0x0000028e006bc0b8]
Event: 8.743 Thread 0x0000028e7f431e20 3394       2       java.io.FilterInputStream::read (11 bytes)
Event: 8.743 Thread 0x0000028e7f431e20 nmethod 3394 0x0000028e006bc190 code [0x0000028e006bc320, 0x0000028e006bc448]
Event: 8.744 Thread 0x0000028e7f431e20 3395       2       org.jetbrains.kotlin.metadata.ProtoBuf$Type::getDefaultInstanceForType (5 bytes)
Event: 8.745 Thread 0x0000028e7f431e20 nmethod 3395 0x0000028e006bc510 code [0x0000028e006bc6a0, 0x0000028e006bc7b8]
Event: 8.745 Thread 0x0000028e7f431e20 3396       2       org.jetbrains.kotlin.metadata.ProtoBuf$Type::getDefaultInstanceForType (4 bytes)
Event: 8.745 Thread 0x0000028e7f431e20 nmethod 3396 0x0000028e006bc890 code [0x0000028e006bca20, 0x0000028e006bcb38]

GC Heap History (20 events):
Event: 2.657 GC heap before
***REMOVED***Heap before GC invocations=3 (full 0):
 garbage-first heap   total 40960K, used 30731K [0x0000000084400000, 0x0000000100000000)
  region size 1024K, 24 young (24576K), 4 survivors (4096K)
 Metaspace       used 28084K, committed 28224K, reserved 1081344K
  class space    used 3458K, committed 3520K, reserved 1048576K
***REMOVED***
Event: 2.668 GC heap after
***REMOVED***Heap after GC invocations=4 (full 0):
 garbage-first heap   total 40960K, used 11400K [0x0000000084400000, 0x0000000100000000)
  region size 1024K, 2 young (2048K), 2 survivors (2048K)
 Metaspace       used 28084K, committed 28224K, reserved 1081344K
  class space    used 3458K, committed 3520K, reserved 1048576K
***REMOVED***
Event: 2.710 GC heap before
***REMOVED***Heap before GC invocations=4 (full 0):
 garbage-first heap   total 40960K, used 12424K [0x0000000084400000, 0x0000000100000000)
  region size 1024K, 3 young (3072K), 2 survivors (2048K)
 Metaspace       used 28484K, committed 28672K, reserved 1081344K
  class space    used 3545K, committed 3648K, reserved 1048576K
***REMOVED***
Event: 2.715 GC heap after
***REMOVED***Heap after GC invocations=5 (full 0):
 garbage-first heap   total 40960K, used 11562K [0x0000000084400000, 0x0000000100000000)
  region size 1024K, 1 young (1024K), 1 survivors (1024K)
 Metaspace       used 28484K, committed 28672K, reserved 1081344K
  class space    used 3545K, committed 3648K, reserved 1048576K
***REMOVED***
Event: 3.503 GC heap before
***REMOVED***Heap before GC invocations=5 (full 0):
 garbage-first heap   total 40960K, used 33066K [0x0000000084400000, 0x0000000100000000)
  region size 1024K, 20 young (20480K), 1 survivors (1024K)
 Metaspace       used 31115K, committed 31360K, reserved 1081344K
  class space    used 4028K, committed 4160K, reserved 1048576K
***REMOVED***
Event: 3.518 GC heap after
***REMOVED***Heap after GC invocations=6 (full 0):
 garbage-first heap   total 40960K, used 17408K [0x0000000084400000, 0x0000000100000000)
  region size 1024K, 3 young (3072K), 3 survivors (3072K)
 Metaspace       used 31115K, committed 31360K, reserved 1081344K
  class space    used 4028K, committed 4160K, reserved 1048576K
***REMOVED***
Event: 4.018 GC heap before
***REMOVED***Heap before GC invocations=6 (full 0):
 garbage-first heap   total 40960K, used 30720K [0x0000000084400000, 0x0000000100000000)
  region size 1024K, 17 young (17408K), 3 survivors (3072K)
 Metaspace       used 34632K, committed 34880K, reserved 1081344K
  class space    used 4418K, committed 4544K, reserved 1048576K
***REMOVED***
Event: 4.026 GC heap after
***REMOVED***Heap after GC invocations=7 (full 0):
 garbage-first heap   total 40960K, used 16940K [0x0000000084400000, 0x0000000100000000)
  region size 1024K, 2 young (2048K), 2 survivors (2048K)
 Metaspace       used 34632K, committed 34880K, reserved 1081344K
  class space    used 4418K, committed 4544K, reserved 1048576K
***REMOVED***
Event: 4.306 GC heap before
***REMOVED***Heap before GC invocations=7 (full 0):
 garbage-first heap   total 40960K, used 23084K [0x0000000084400000, 0x0000000100000000)
  region size 1024K, 9 young (9216K), 2 survivors (2048K)
 Metaspace       used 35776K, committed 35968K, reserved 1081344K
  class space    used 4549K, committed 4672K, reserved 1048576K
***REMOVED***
Event: 4.310 GC heap after
***REMOVED***Heap after GC invocations=8 (full 0):
 garbage-first heap   total 40960K, used 17864K [0x0000000084400000, 0x0000000100000000)
  region size 1024K, 1 young (1024K), 1 survivors (1024K)
 Metaspace       used 35776K, committed 35968K, reserved 1081344K
  class space    used 4549K, committed 4672K, reserved 1048576K
***REMOVED***
Event: 4.752 GC heap before
***REMOVED***Heap before GC invocations=9 (full 0):
 garbage-first heap   total 40960K, used 29128K [0x0000000084400000, 0x0000000100000000)
  region size 1024K, 13 young (13312K), 1 survivors (1024K)
 Metaspace       used 38139K, committed 38336K, reserved 1089536K
  class space    used 4778K, committed 4864K, reserved 1048576K
***REMOVED***
Event: 4.755 GC heap after
***REMOVED***Heap after GC invocations=10 (full 0):
 garbage-first heap   total 40960K, used 18917K [0x0000000084400000, 0x0000000100000000)
  region size 1024K, 2 young (2048K), 2 survivors (2048K)
 Metaspace       used 38139K, committed 38336K, reserved 1089536K
  class space    used 4778K, committed 4864K, reserved 1048576K
***REMOVED***
Event: 4.843 GC heap before
***REMOVED***Heap before GC invocations=10 (full 0):
 garbage-first heap   total 40960K, used 18917K [0x0000000084400000, 0x0000000100000000)
  region size 1024K, 3 young (3072K), 2 survivors (2048K)
 Metaspace       used 38391K, committed 38592K, reserved 1089536K
  class space    used 4794K, committed 4928K, reserved 1048576K
***REMOVED***
Event: 4.852 GC heap after
***REMOVED***Heap after GC invocations=11 (full 0):
 garbage-first heap   total 40960K, used 18229K [0x0000000084400000, 0x0000000100000000)
  region size 1024K, 1 young (1024K), 1 survivors (1024K)
 Metaspace       used 38391K, committed 38592K, reserved 1089536K
  class space    used 4794K, committed 4928K, reserved 1048576K
***REMOVED***
Event: 5.526 GC heap before
***REMOVED***Heap before GC invocations=11 (full 0):
 garbage-first heap   total 40960K, used 29493K [0x0000000084400000, 0x0000000100000000)
  region size 1024K, 13 young (13312K), 1 survivors (1024K)
 Metaspace       used 40824K, committed 41088K, reserved 1089536K
  class space    used 5019K, committed 5120K, reserved 1048576K
***REMOVED***
Event: 5.530 GC heap after
***REMOVED***Heap after GC invocations=12 (full 0):
 garbage-first heap   total 64512K, used 18963K [0x0000000084400000, 0x0000000100000000)
  region size 1024K, 2 young (2048K), 2 survivors (2048K)
 Metaspace       used 40824K, committed 41088K, reserved 1089536K
  class space    used 5019K, committed 5120K, reserved 1048576K
***REMOVED***
Event: 7.978 GC heap before
***REMOVED***Heap before GC invocations=12 (full 0):
 garbage-first heap   total 64512K, used 47635K [0x0000000084400000, 0x0000000100000000)
  region size 1024K, 28 young (28672K), 2 survivors (2048K)
 Metaspace       used 47128K, committed 47360K, reserved 1097728K
  class space    used 5786K, committed 5888K, reserved 1048576K
***REMOVED***
Event: 7.991 GC heap after
***REMOVED***Heap after GC invocations=13 (full 0):
 garbage-first heap   total 64512K, used 24003K [0x0000000084400000, 0x0000000100000000)
  region size 1024K, 4 young (4096K), 4 survivors (4096K)
 Metaspace       used 47128K, committed 47360K, reserved 1097728K
  class space    used 5786K, committed 5888K, reserved 1048576K
***REMOVED***
Event: 8.718 GC heap before
***REMOVED***Heap before GC invocations=13 (full 0):
 garbage-first heap   total 64512K, used 47555K [0x0000000084400000, 0x0000000100000000)
  region size 1024K, 27 young (27648K), 4 survivors (4096K)
 Metaspace       used 47442K, committed 47680K, reserved 1097728K
  class space    used 5797K, committed 5888K, reserved 1048576K
***REMOVED***
Event: 8.734 GC heap after
***REMOVED***Heap after GC invocations=14 (full 0):
 garbage-first heap   total 64512K, used 26517K [0x0000000084400000, 0x0000000100000000)
  region size 1024K, 3 young (3072K), 3 survivors (3072K)
 Metaspace       used 47442K, committed 47680K, reserved 1097728K
  class space    used 5797K, committed 5888K, reserved 1048576K
***REMOVED***

Dll operation events (2 events):
Event: 0.008 Loaded shared library C:\Program Files\Android\Android Studio\jbr\bin\java.dll
Event: 2.164 Loaded shared library C:\Program Files\Android\Android Studio\jbr\bin\verify.dll

Deoptimization events (20 events):
Event: 7.578 Thread 0x0000028e75f180a0 DEOPT PACKING pc=0x0000028e07c22b54 sp=0x000000c6841fbf60
Event: 7.578 Thread 0x0000028e75f180a0 DEOPT UNPACKING pc=0x0000028e0758a1a3 sp=0x000000c6841fbef8 mode 2
Event: 8.004 Thread 0x0000028e75f180a0 Uncommon trap: trap_request=0xffffffc6 fr.pc=0x0000028e07ba0ab8 relative=0x0000000000000098
Event: 8.004 Thread 0x0000028e75f180a0 Uncommon trap: reason=bimorphic_or_optimized_type_check action=maybe_recompile pc=0x0000028e07ba0ab8 method=java.util.AbstractList$Itr.hasNext()Z @ 8 c2
Event: 8.004 Thread 0x0000028e75f180a0 DEOPT PACKING pc=0x0000028e07ba0ab8 sp=0x000000c6841fa3e0
Event: 8.004 Thread 0x0000028e75f180a0 DEOPT UNPACKING pc=0x0000028e0758a1a3 sp=0x000000c6841fa378 mode 2
Event: 8.049 Thread 0x0000028e75f180a0 Uncommon trap: trap_request=0xffffffc6 fr.pc=0x0000028e07ba0ab8 relative=0x0000000000000098
Event: 8.049 Thread 0x0000028e75f180a0 Uncommon trap: reason=bimorphic_or_optimized_type_check action=maybe_recompile pc=0x0000028e07ba0ab8 method=java.util.AbstractList$Itr.hasNext()Z @ 8 c2
Event: 8.049 Thread 0x0000028e75f180a0 DEOPT PACKING pc=0x0000028e07ba0ab8 sp=0x000000c6841fa3e0
Event: 8.049 Thread 0x0000028e75f180a0 DEOPT UNPACKING pc=0x0000028e0758a1a3 sp=0x000000c6841fa378 mode 2
Event: 8.049 Thread 0x0000028e75f180a0 Uncommon trap: trap_request=0xffffffc6 fr.pc=0x0000028e07ba0ab8 relative=0x0000000000000098
Event: 8.049 Thread 0x0000028e75f180a0 Uncommon trap: reason=bimorphic_or_optimized_type_check action=maybe_recompile pc=0x0000028e07ba0ab8 method=java.util.AbstractList$Itr.hasNext()Z @ 8 c2
Event: 8.049 Thread 0x0000028e75f180a0 DEOPT PACKING pc=0x0000028e07ba0ab8 sp=0x000000c6841fa3e0
Event: 8.049 Thread 0x0000028e75f180a0 DEOPT UNPACKING pc=0x0000028e0758a1a3 sp=0x000000c6841fa378 mode 2
Event: 8.049 Thread 0x0000028e75f180a0 Uncommon trap: trap_request=0xffffffc6 fr.pc=0x0000028e07ba0ab8 relative=0x0000000000000098
Event: 8.049 Thread 0x0000028e75f180a0 Uncommon trap: reason=bimorphic_or_optimized_type_check action=maybe_recompile pc=0x0000028e07ba0ab8 method=java.util.AbstractList$Itr.hasNext()Z @ 8 c2
Event: 8.049 Thread 0x0000028e75f180a0 DEOPT PACKING pc=0x0000028e07ba0ab8 sp=0x000000c6841fa3e0
Event: 8.049 Thread 0x0000028e75f180a0 DEOPT UNPACKING pc=0x0000028e0758a1a3 sp=0x000000c6841fa378 mode 2
Event: 8.617 Thread 0x0000028e75f180a0 DEOPT PACKING pc=0x0000028e003496be sp=0x000000c6841fa910
Event: 8.618 Thread 0x0000028e75f180a0 DEOPT UNPACKING pc=0x0000028e0758ace3 sp=0x000000c6841f9d88 mode 0

Classes unloaded (0 events):
No events

Classes redefined (0 events):
No events

Internal exceptions (20 events):
Event: 1.649 Thread 0x0000028e75f180a0 Exception <a 'java/lang/NoSuchMethodError'***REMOVED***0x00000000865a9410***REMOVED***: 'java.lang.Object java.lang.invoke.DirectMethodHandle$Holder.invokeSpecial(java.lang.Object, java.lang.Object, java.lang.Object, java.lang.Object, long)'> (0x00000000865a9410) 
thrown [s\src\hotspot\share\interpreter\linkResolver.cpp, line 771]
Event: 1.650 Thread 0x0000028e75f180a0 Exception <a 'java/lang/NoSuchMethodError'***REMOVED***0x00000000865b88f8***REMOVED***: 'int java.lang.invoke.DelegatingMethodHandle$Holder.reinvoke_L(java.lang.Object, java.lang.Object, java.lang.Object, long, java.lang.Object, java.lang.Object)'> (0x00000000865b88f8) 
thrown [s\src\hotspot\share\interpreter\linkResolver.cpp, line 771]
Event: 1.652 Thread 0x0000028e75f180a0 Exception <a 'java/lang/NoSuchMethodError'***REMOVED***0x00000000865c7488***REMOVED***: 'int java.lang.invoke.DelegatingMethodHandle$Holder.reinvoke_L(java.lang.Object, java.lang.Object, java.lang.Object, long, int, int)'> (0x00000000865c7488) 
thrown [s\src\hotspot\share\interpreter\linkResolver.cpp, line 771]
Event: 1.654 Thread 0x0000028e75f180a0 Exception <a 'java/lang/NoSuchMethodError'***REMOVED***0x00000000865d5dc0***REMOVED***: 'int java.lang.invoke.DelegatingMethodHandle$Holder.reinvoke_L(java.lang.Object, java.lang.Object, java.lang.Object, long, long, long)'> (0x00000000865d5dc0) 
thrown [s\src\hotspot\share\interpreter\linkResolver.cpp, line 771]
Event: 1.655 Thread 0x0000028e75f180a0 Exception <a 'java/lang/NoSuchMethodError'***REMOVED***0x00000000865e43d8***REMOVED***: 'int java.lang.invoke.DelegatingMethodHandle$Holder.reinvoke_L(java.lang.Object, java.lang.Object, java.lang.Object, long, int)'> (0x00000000865e43d8) 
thrown [s\src\hotspot\share\interpreter\linkResolver.cpp, line 771]
Event: 1.689 Thread 0x0000028e75f180a0 Exception <a 'java/lang/NoSuchMethodError'***REMOVED***0x000000008648c600***REMOVED***: 'int java.lang.invoke.DirectMethodHandle$Holder.invokeStaticInit(java.lang.Object, java.lang.Object, java.lang.Object)'> (0x000000008648c600) 
thrown [s\src\hotspot\share\interpreter\linkResolver.cpp, line 771]
Event: 1.699 Thread 0x0000028e75f180a0 Exception <a 'java/lang/NoSuchMethodError'***REMOVED***0x00000000864b4cf8***REMOVED***: 'int java.lang.invoke.DirectMethodHandle$Holder.invokeStaticInit(java.lang.Object, java.lang.Object)'> (0x00000000864b4cf8) 
thrown [s\src\hotspot\share\interpreter\linkResolver.cpp, line 771]
Event: 1.754 Thread 0x0000028e75f180a0 Exception <a 'java/lang/NoSuchMethodError'***REMOVED***0x0000000086393b90***REMOVED***: 'void java.lang.invoke.DirectMethodHandle$Holder.invokeSpecial(java.lang.Object, java.lang.Object, java.lang.Object)'> (0x0000000086393b90) 
thrown [s\src\hotspot\share\interpreter\linkResolver.cpp, line 771]
Event: 1.905 Thread 0x0000028e75f180a0 Exception <a 'java/lang/NoSuchMethodError'***REMOVED***0x00000000860b8e10***REMOVED***: 'void java.lang.invoke.DirectMethodHandle$Holder.invokeStatic(java.lang.Object, java.lang.Object, java.lang.Object, java.lang.Object)'> (0x00000000860b8e10) 
thrown [s\src\hotspot\share\interpreter\linkResolver.cpp, line 771]
Event: 2.081 Thread 0x0000028e75f180a0 Exception <a 'java/lang/NoSuchMethodError'***REMOVED***0x0000000085c792d8***REMOVED***: 'void java.lang.invoke.DirectMethodHandle$Holder.invokeStaticInit(java.lang.Object, java.lang.Object)'> (0x0000000085c792d8) 
thrown [s\src\hotspot\share\interpreter\linkResolver.cpp, line 771]
Event: 2.425 Thread 0x0000028e75f180a0 Exception <a 'java/lang/NoSuchMethodError'***REMOVED***0x00000000857621e8***REMOVED***: 'void java.lang.invoke.DirectMethodHandle$Holder.invokeVirtual(java.lang.Object, java.lang.Object)'> (0x00000000857621e8) 
thrown [s\src\hotspot\share\interpreter\linkResolver.cpp, line 771]
Event: 2.449 Thread 0x0000028e75f180a0 Exception <a 'java/lang/NoSuchMethodError'***REMOVED***0x00000000857ae2f8***REMOVED***: 'int java.lang.invoke.DirectMethodHandle$Holder.invokeVirtual(java.lang.Object, java.lang.Object)'> (0x00000000857ae2f8) 
thrown [s\src\hotspot\share\interpreter\linkResolver.cpp, line 771]
Event: 2.496 Thread 0x0000028e75f180a0 Exception <a 'java/lang/NoSuchMethodError'***REMOVED***0x0000000085646290***REMOVED***: 'java.lang.Object java.lang.invoke.Invokers$Holder.invokeExact_MT(java.lang.Object, java.lang.Object, java.lang.Object, java.lang.Object, java.lang.Object, java.lang.Object)'> (0x0000000085646290) 
thrown [s\src\hotspot\share\interpreter\linkResolver.cpp, line 771]
Event: 3.537 Thread 0x0000028e75f180a0 Implicit null exception at 0x0000028e07ae89f2 to 0x0000028e07ae9030
Event: 3.797 Thread 0x0000028e75f180a0 Implicit null exception at 0x0000028e07ae9ef2 to 0x0000028e07aea548
Event: 3.892 Thread 0x0000028e75f180a0 Exception <a 'java/lang/NoSuchMethodError'***REMOVED***0x000000008610fd70***REMOVED***: 'java.lang.Object java.lang.invoke.DirectMethodHandle$Holder.invokeVirtual(java.lang.Object, java.lang.Object, java.lang.Object)'> (0x000000008610fd70) 
thrown [s\src\hotspot\share\interpreter\linkResolver.cpp, line 771]
Event: 6.002 Thread 0x0000028e75f180a0 Exception <a 'java/lang/NoSuchMethodError'***REMOVED***0x00000000899f7068***REMOVED***: 'java.lang.Object java.lang.invoke.DirectMethodHandle$Holder.newInvokeSpecial(java.lang.Object, java.lang.Object, int)'> (0x00000000899f7068) 
thrown [s\src\hotspot\share\interpreter\linkResolver.cpp, line 771]
Event: 6.390 Thread 0x0000028e75f180a0 Exception <a 'java/lang/NoSuchMethodError'***REMOVED***0x0000000087a04880***REMOVED***: 'java.lang.Object java.lang.invoke.DirectMethodHandle$Holder.newInvokeSpecial(java.lang.Object, java.lang.Object, java.lang.Object, int)'> (0x0000000087a04880) 
thrown [s\src\hotspot\share\interpreter\linkResolver.cpp, line 771]
Event: 6.391 Thread 0x0000028e75f180a0 Exception <a 'java/lang/NoSuchMethodError'***REMOVED***0x0000000087a08f08***REMOVED***: 'java.lang.Object java.lang.invoke.DirectMethodHandle$Holder.invokeSpecial(java.lang.Object, java.lang.Object, java.lang.Object, java.lang.Object, int)'> (0x0000000087a08f08) 
thrown [s\src\hotspot\share\interpreter\linkResolver.cpp, line 771]
Event: 6.392 Thread 0x0000028e75f180a0 Exception <a 'java/lang/NoSuchMethodError'***REMOVED***0x0000000087a0cd78***REMOVED***: 'java.lang.Object java.lang.invoke.Invokers$Holder.linkToTargetMethod(java.lang.Object, java.lang.Object, int, java.lang.Object)'> (0x0000000087a0cd78) 
thrown [s\src\hotspot\share\interpreter\linkResolver.cpp, line 771]

VM Operations (20 events):
Event: 5.526 Executing VM operation: G1CollectForAllocation
Event: 5.530 Executing VM operation: G1CollectForAllocation done
Event: 6.370 Executing VM operation: HandshakeAllThreads
Event: 6.370 Executing VM operation: HandshakeAllThreads done
Event: 6.387 Executing VM operation: HandshakeAllThreads
Event: 6.387 Executing VM operation: HandshakeAllThreads done
Event: 6.575 Executing VM operation: HandshakeAllThreads
Event: 6.575 Executing VM operation: HandshakeAllThreads done
Event: 6.575 Executing VM operation: Cleanup
Event: 6.575 Executing VM operation: Cleanup done
Event: 6.682 Executing VM operation: HandshakeAllThreads
Event: 6.682 Executing VM operation: HandshakeAllThreads done
Event: 6.856 Executing VM operation: HandshakeAllThreads
Event: 6.856 Executing VM operation: HandshakeAllThreads done
Event: 7.164 Executing VM operation: HandshakeAllThreads
Event: 7.164 Executing VM operation: HandshakeAllThreads done
Event: 7.977 Executing VM operation: G1CollectForAllocation
Event: 7.991 Executing VM operation: G1CollectForAllocation done
Event: 8.718 Executing VM operation: G1CollectForAllocation
Event: 8.734 Executing VM operation: G1CollectForAllocation done

Events (20 events):
Event: 7.338 loading class java/util/stream/IntStream
Event: 7.340 loading class java/util/stream/IntStream done
Event: 7.340 loading class java/util/stream/IntPipeline$Head
Event: 7.341 loading class java/util/stream/IntPipeline
Event: 7.342 loading class java/util/stream/IntPipeline done
Event: 7.342 loading class java/util/stream/IntPipeline$Head done
Event: 7.343 loading class java/util/stream/IntPipeline$1
Event: 7.344 loading class java/util/stream/IntPipeline$1 done
Event: 7.345 loading class java/util/stream/ReferencePipeline$2
Event: 7.345 loading class java/util/stream/ReferencePipeline$2 done
Event: 7.348 loading class java/util/stream/ReferencePipeline$2$1
Event: 7.348 loading class java/util/stream/ReferencePipeline$2$1 done
Event: 7.348 loading class java/util/stream/IntPipeline$1$1
Event: 7.348 loading class java/util/stream/Sink$ChainedInt
Event: 7.348 loading class java/util/stream/Sink$OfInt
Event: 7.348 loading class java/util/function/IntConsumer
Event: 7.348 loading class java/util/function/IntConsumer done
Event: 7.348 loading class java/util/stream/Sink$OfInt done
Event: 7.348 loading class java/util/stream/Sink$ChainedInt done
Event: 7.348 loading class java/util/stream/IntPipeline$1$1 done


Dynamic libraries:
0x00007ff6f1360000 - 0x00007ff6f136a000 	C:\Program Files\Android\Android Studio\jbr\bin\java.exe
0x00007ffb35d30000 - 0x00007ffb35f28000 	C:\Windows\SYSTEM32\ntdll.dll
0x00007ffb35c30000 - 0x00007ffb35ced000 	C:\Windows\System32\KERNEL32.DLL
0x00007ffb337a0000 - 0x00007ffb33a96000 	C:\Windows\System32\KERNELBASE.dll
0x00007ffb33b40000 - 0x00007ffb33c40000 	C:\Windows\System32\ucrtbase.dll
0x00007ffb205d0000 - 0x00007ffb205e7000 	C:\Program Files\Android\Android Studio\jbr\bin\jli.dll
0x00007ffb2fca0000 - 0x00007ffb2fcbb000 	C:\Program Files\Android\Android Studio\jbr\bin\VCRUNTIME140.dll
0x00007ffb35070000 - 0x00007ffb3520e000 	C:\Windows\System32\USER32.dll
0x00007ffb1bae0000 - 0x00007ffb1bd7a000 	C:\Windows\WinSxS\amd64_microsoft.windows.common-controls_6595b64144ccf1df_6.0.19041.1110_none_60b5254171f9507e\COMCTL32.dll
0x00007ffb345c0000 - 0x00007ffb3465e000 	C:\Windows\System32\msvcrt.dll
0x00007ffb33b10000 - 0x00007ffb33b32000 	C:\Windows\System32\win32u.dll
0x00007ffb34530000 - 0x00007ffb3455c000 	C:\Windows\System32\GDI32.dll
0x00007ffb33410000 - 0x00007ffb3352a000 	C:\Windows\System32\gdi32full.dll
0x00007ffb33cf0000 - 0x00007ffb33d8d000 	C:\Windows\System32\msvcp_win.dll
0x00007ffb33d90000 - 0x00007ffb33dc0000 	C:\Windows\System32\IMM32.DLL
0x00007ffb2fcd0000 - 0x00007ffb2fcdc000 	C:\Program Files\Android\Android Studio\jbr\bin\vcruntime140_1.dll
0x00007ffaf1d00000 - 0x00007ffaf1d8d000 	C:\Program Files\Android\Android Studio\jbr\bin\msvcp140.dll
0x00007ffad98b0000 - 0x00007ffada51e000 	C:\Program Files\Android\Android Studio\jbr\bin\server\jvm.dll
0x00007ffb34ee0000 - 0x00007ffb34f8e000 	C:\Windows\System32\ADVAPI32.dll
0x00007ffb33e30000 - 0x00007ffb33ecc000 	C:\Windows\System32\sechost.dll
0x00007ffb353b0000 - 0x00007ffb354d6000 	C:\Windows\System32\RPCRT4.dll
0x00007ffb05be0000 - 0x00007ffb05be9000 	C:\Windows\SYSTEM32\WSOCK32.dll
0x00007ffb29ae0000 - 0x00007ffb29aea000 	C:\Windows\SYSTEM32\VERSION.dll
0x00007ffb35340000 - 0x00007ffb353ab000 	C:\Windows\System32\WS2_32.dll
0x00007ffb274f0000 - 0x00007ffb27517000 	C:\Windows\SYSTEM32\WINMM.dll
0x00007ffb31c30000 - 0x00007ffb31c42000 	C:\Windows\SYSTEM32\kernel.appcore.dll
0x00007ffb2fcc0000 - 0x00007ffb2fcca000 	C:\Program Files\Android\Android Studio\jbr\bin\jimage.dll
0x00007ffb31040000 - 0x00007ffb31224000 	C:\Windows\SYSTEM32\DBGHELP.DLL
0x00007ffb06150000 - 0x00007ffb06184000 	C:\Windows\SYSTEM32\dbgcore.DLL
0x00007ffb33530000 - 0x00007ffb335b2000 	C:\Windows\System32\bcryptPrimitives.dll
0x00007ffb2c180000 - 0x00007ffb2c1a5000 	C:\Program Files\Android\Android Studio\jbr\bin\java.dll
0x00007ffb2c160000 - 0x00007ffb2c178000 	C:\Program Files\Android\Android Studio\jbr\bin\zip.dll
0x00007ffb354e0000 - 0x00007ffb35c25000 	C:\Windows\System32\SHELL32.dll
0x00007ffb31480000 - 0x00007ffb31c1b000 	C:\Windows\SYSTEM32\windows.storage.dll
0x00007ffb347c0000 - 0x00007ffb34b14000 	C:\Windows\System32\combase.dll
0x00007ffb32e50000 - 0x00007ffb32e7e000 	C:\Windows\SYSTEM32\Wldp.dll
0x00007ffb34e30000 - 0x00007ffb34edd000 	C:\Windows\System32\SHCORE.dll
0x00007ffb33dc0000 - 0x00007ffb33e15000 	C:\Windows\System32\shlwapi.dll
0x00007ffb33340000 - 0x00007ffb33365000 	C:\Windows\SYSTEM32\profapi.dll
0x00007ffb2a770000 - 0x00007ffb2a789000 	C:\Program Files\Android\Android Studio\jbr\bin\net.dll
0x00007ffb2aaf0000 - 0x00007ffb2abfa000 	C:\Windows\SYSTEM32\WINHTTP.dll
0x00007ffb32bb0000 - 0x00007ffb32c1a000 	C:\Windows\system32\mswsock.dll
0x00007ffb285a0000 - 0x00007ffb285b6000 	C:\Program Files\Android\Android Studio\jbr\bin\nio.dll
0x00007ffb2c090000 - 0x00007ffb2c0a0000 	C:\Program Files\Android\Android Studio\jbr\bin\verify.dll

dbghelp: loaded successfully - version: 4.0.5 - missing functions: none
symbol engine: initialized successfully - sym options: 0x614 - pdb path: .;C:\Program Files\Android\Android Studio\jbr\bin;C:\Windows\SYSTEM32;C:\Windows\WinSxS\amd64_microsoft.windows.common-controls_6595b64144ccf1df_6.0.19041.1110_none_60b5254171f9507e;C:\Program Files\Android\Android Studio\jbr\bin\server

VM Arguments:
java_command: org.jetbrains.kotlin.cli.jvm.K2JVMCompiler @C:\pdm-projetos-github\ContatosPdm\app\build\20230919_13776228327118080952.compiler.options
java_class_path (initial): C:\Users\keilo\.gradle\caches\modules-2\files-2.1\org.jetbrains.kotlin\kotlin-compiler-embeddable\1.9.0\2c8c3a7402becca891f12739b3e9fd2dc2adbd7a\kotlin-compiler-embeddable-1.9.0.jar;C:\Users\keilo\.gradle\caches\modules-2\files-2.1\org.jetbrains.kotlin\kotlin-stdlib\1.9.0\8ee15ef0c67dc83d874f412d84378d7f0eb50b63\kotlin-stdlib-1.9.0.jar;C:\Users\keilo\.gradle\caches\modules-2\files-2.1\org.jetbrains.kotlin\kotlin-script-runtime\1.9.0\4b3102cbbb7e1b58d9d1adf89563f00069ffa7d1\kotlin-script-runtime-1.9.0.jar;C:\Users\keilo\.gradle\caches\modules-2\files-2.1\org.jetbrains.kotlin\kotlin-reflect\1.6.10\1cbe9c92c12a94eea200d23c2bbaedaf3daf5132\kotlin-reflect-1.6.10.jar;C:\Users\keilo\.gradle\caches\modules-2\files-2.1\org.jetbrains.kotlin\kotlin-daemon-embeddable\1.9.0\186543f5e28cf8d9a0290fecc2cf34301c40a65c\kotlin-daemon-embeddable-1.9.0.jar;C:\Users\keilo\.gradle\caches\modules-2\files-2.1\org.jetbrains.intellij.deps\trove4j\1.0.20200330\3afb14d5f9ceb459d724e907a21145e8ff394f02\trove4j-1.0.20200330.jar;C:\Users\keilo\.gradle\caches\modules-2\files-2.1\org.jetbrains.kotlin\kotlin-stdlib-common\1.9.0\cd65c21cfd1eec4d44ef09f9f52b6d9f8a720636\kotlin-stdlib-common-1.9.0.jar;C:\Users\keilo\.gradle\caches\modules-2\files-2.1\org.jetbrains\annotations\13.0\919f0dfe192fb4e063e7dacadee7f8bb9a2672a9\annotations-13.0.jar
Launcher Type: SUN_STANDARD

[Global flags]
     intx CICompilerCount                          = 4                                         ***REMOVED***product***REMOVED*** ***REMOVED***ergonomic***REMOVED***
     uint ConcGCThreads                            = 2                                         ***REMOVED***product***REMOVED*** ***REMOVED***ergonomic***REMOVED***
     uint G1ConcRefinementThreads                  = 8                                         ***REMOVED***product***REMOVED*** ***REMOVED***ergonomic***REMOVED***
   size_t G1HeapRegionSize                         = 1048576                                   ***REMOVED***product***REMOVED*** ***REMOVED***ergonomic***REMOVED***
    uintx GCDrainStackTargetSize                   = 64                                        ***REMOVED***product***REMOVED*** ***REMOVED***ergonomic***REMOVED***
   size_t InitialHeapSize                          = 130023424                                 ***REMOVED***product***REMOVED*** ***REMOVED***ergonomic***REMOVED***
   size_t MarkStackSize                            = 4194304                                   ***REMOVED***product***REMOVED*** ***REMOVED***ergonomic***REMOVED***
   size_t MaxHeapSize                              = 2076180480                                ***REMOVED***product***REMOVED*** ***REMOVED***ergonomic***REMOVED***
   size_t MaxNewSize                               = 1245708288                                ***REMOVED***product***REMOVED*** ***REMOVED***ergonomic***REMOVED***
   size_t MinHeapDeltaBytes                        = 1048576                                   ***REMOVED***product***REMOVED*** ***REMOVED***ergonomic***REMOVED***
   size_t MinHeapSize                              = 8388608                                   ***REMOVED***product***REMOVED*** ***REMOVED***ergonomic***REMOVED***
    uintx NonNMethodCodeHeapSize                   = 5839372                                ***REMOVED***pd product***REMOVED*** ***REMOVED***ergonomic***REMOVED***
    uintx NonProfiledCodeHeapSize                  = 122909434                              ***REMOVED***pd product***REMOVED*** ***REMOVED***ergonomic***REMOVED***
    uintx ProfiledCodeHeapSize                     = 122909434                              ***REMOVED***pd product***REMOVED*** ***REMOVED***ergonomic***REMOVED***
    uintx ReservedCodeCacheSize                    = 251658240                              ***REMOVED***pd product***REMOVED*** ***REMOVED***ergonomic***REMOVED***
     bool SegmentedCodeCache                       = true                                      ***REMOVED***product***REMOVED*** ***REMOVED***ergonomic***REMOVED***
   size_t SoftMaxHeapSize                          = 2076180480                             ***REMOVED***manageable***REMOVED*** ***REMOVED***ergonomic***REMOVED***
     bool UseCompressedClassPointers               = true                           ***REMOVED***product lp64_product***REMOVED*** ***REMOVED***ergonomic***REMOVED***
     bool UseCompressedOops                        = true                           ***REMOVED***product lp64_product***REMOVED*** ***REMOVED***ergonomic***REMOVED***
     bool UseG1GC                                  = true                                      ***REMOVED***product***REMOVED*** ***REMOVED***ergonomic***REMOVED***
     bool UseLargePagesIndividualAllocation        = false                                  ***REMOVED***pd product***REMOVED*** ***REMOVED***ergonomic***REMOVED***

Logging:
Log output configuration:
 #0: stdout all=warning uptime,level,tags
 #1: stderr all=off uptime,level,tags

Environment Variables:
PATH=C:\Windows\system32;C:\Windows;C:\Windows\System32\Wbem;C:\Windows\System32\WindowsPowerShell\v1.0\;C:\Windows\System32\OpenSSH\;C:\Program Files\dotnet\;C:\Program Files\Git\cmd;C:\Users\keilo\AppData\Local\Microsoft\WindowsApps;C:\Users\keilo\AppData\Local\GitHubDesktop\bin;C:\Users\keilo\AppData\Local\Programs\Microsoft VS Code\bin
USERNAME=keilo
OS=Windows_NT
PROCESSOR_IDENTIFIER=Intel64 Family 6 Model 140 Stepping 1, GenuineIntel
TMP=C:\Users\keilo\AppData\Local\Temp
TEMP=C:\Users\keilo\AppData\Local\Temp


JNI global refs:
JNI global refs: 10, weak refs: 23

JNI global refs memory usage: 843, weak refs: 841


---------------  S Y S T E M  ---------------

OS:
 Windows 10 , 64 bit Build 19041 (10.0.19041.3393)
OS uptime: 0 days 3:29 hours

CPU: total 8 (initial active 8) (4 cores per cpu, 2 threads per core) family 6 model 140 stepping 1 microcode 0x8a, cx8, cmov, fxsr, ht, mmx, 3dnowpref, sse, sse2, sse3, ssse3, sse4.1, sse4.2, popcnt, lzcnt, tsc, tscinvbit, avx, avx2, aes, erms, clmul, bmi1, bmi2, adx, avx512f, avx512dq, avx512cd, avx512bw, avx512vl, sha, fma, vzeroupper, avx512_vpopcntdq, avx512_vpclmulqdq, avx512_vaes, avx512_vnni, clflush, clflushopt, clwb, avx512_vbmi2, avx512_vbmi

Memory: 4k page, system-wide physical 7915M (294M free)
TotalPageFile size 15830M (AvailPageFile size 4M)
current process WorkingSet (physical memory assigned to process): 190M, peak: 190M
current process commit charge ("private bytes"): 227M, peak: 230M

vm_info: OpenJDK 64-Bit Server VM (17.0.6+0-b2043.56-10027231) for windows-amd64 JRE (17.0.6+0-b2043.56-10027231), built on Apr 28 2023 00:43:19 by "androidbuild" with MS VC++ 16.10 / 16.11 (VS2019)

END.
